This file contains any messages produced by compilers while
running configure, to aid debugging if configure makes a mistake.

It was created by alcatraz configure 0.6.4, which was
generated by GNU Autoconf 2.59.  Invocation command line was

  $ ./configure 

## --------- ##
## Platform. ##
## --------- ##

hostname = Ubuntu-Cloud
uname -m = i686
uname -r = 2.6.32-39-generic
uname -s = Linux
uname -v = #86-Ubuntu SMP Mon Feb 13 21:47:32 UTC 2012

/usr/bin/uname -p = unknown
/bin/uname -X     = unknown

/bin/arch              = unknown
/usr/bin/arch -k       = unknown
/usr/convex/getsysinfo = unknown
hostinfo               = unknown
/bin/machine           = unknown
/usr/bin/oslevel       = unknown
/bin/universe          = unknown

PATH: /usr/local/sbin
PATH: /usr/local/bin
PATH: /usr/sbin
PATH: /usr/bin
PATH: /sbin
PATH: /bin
PATH: /usr/games
PATH: /home/bhushan/Downloads/ns-allinone-2.35/bin
PATH: /home/bhushan/Downloads/ns-allinone-2.35/tcl8.5.10/unix
PATH: /home/bhushan/Downloads/ns-allinone-2.35/tk8.5.10/unix


## ----------- ##
## Core tests. ##
## ----------- ##

configure:1551: checking for a BSD-compatible install
configure:1606: result: /usr/bin/install -c
configure:1617: checking whether build environment is sane
configure:1660: result: yes
configure:1725: checking for gawk
configure:1741: found /usr/bin/gawk
configure:1751: result: gawk
configure:1761: checking whether make sets $(MAKE)
configure:1781: result: yes
configure:2006: checking for g++
configure:2022: found /usr/bin/g++
configure:2032: result: g++
configure:2048: checking for C++ compiler version
configure:2051: g++ --version </dev/null >&5
g++ (Ubuntu 4.4.3-4ubuntu5.1) 4.4.3
Copyright (C) 2009 Free Software Foundation, Inc.
This is free software; see the source for copying conditions.  There is NO
warranty; not even for MERCHANTABILITY or FITNESS FOR A PARTICULAR PURPOSE.

configure:2054: $? = 0
configure:2056: g++ -v </dev/null >&5
Using built-in specs.
Target: i486-linux-gnu
Configured with: ../src/configure -v --with-pkgversion='Ubuntu 4.4.3-4ubuntu5.1' --with-bugurl=file:///usr/share/doc/gcc-4.4/README.Bugs --enable-languages=c,c++,fortran,objc,obj-c++ --prefix=/usr --enable-shared --enable-multiarch --enable-linker-build-id --with-system-zlib --libexecdir=/usr/lib --without-included-gettext --enable-threads=posix --with-gxx-include-dir=/usr/include/c++/4.4 --program-suffix=-4.4 --enable-nls --enable-clocale=gnu --enable-libstdcxx-debug --enable-plugin --enable-objc-gc --enable-targets=all --disable-werror --with-arch-32=i486 --with-tune=generic --enable-checking=release --build=i486-linux-gnu --host=i486-linux-gnu --target=i486-linux-gnu
Thread model: posix
gcc version 4.4.3 (Ubuntu 4.4.3-4ubuntu5.1) 
configure:2059: $? = 0
configure:2061: g++ -V </dev/null >&5
g++: '-V' option must have argument
configure:2064: $? = 1
configure:2087: checking for C++ compiler default output file name
configure:2090: g++    conftest.cc  >&5
configure:2093: $? = 0
configure:2139: result: a.out
configure:2144: checking whether the C++ compiler works
configure:2150: ./a.out
configure:2153: $? = 0
configure:2170: result: yes
configure:2177: checking whether we are cross compiling
configure:2179: result: no
configure:2182: checking for suffix of executables
configure:2184: g++ -o conftest    conftest.cc  >&5
configure:2187: $? = 0
configure:2212: result: 
configure:2218: checking for suffix of object files
configure:2239: g++ -c   conftest.cc >&5
configure:2242: $? = 0
configure:2264: result: o
configure:2268: checking whether we are using the GNU C++ compiler
configure:2292: g++ -c   conftest.cc >&5
configure:2298: $? = 0
configure:2302: test -z 
			 || test ! -s conftest.err
configure:2305: $? = 0
configure:2308: test -s conftest.o
configure:2311: $? = 0
configure:2324: result: yes
configure:2330: checking whether g++ accepts -g
configure:2351: g++ -c -g  conftest.cc >&5
configure:2357: $? = 0
configure:2361: test -z 
			 || test ! -s conftest.err
configure:2364: $? = 0
configure:2367: test -s conftest.o
configure:2370: $? = 0
configure:2381: result: yes
configure:2423: g++ -c -g -O2  conftest.cc >&5
configure:2429: $? = 0
configure:2433: test -z 
			 || test ! -s conftest.err
configure:2436: $? = 0
configure:2439: test -s conftest.o
configure:2442: $? = 0
configure:2468: g++ -c -g -O2  conftest.cc >&5
conftest.cc: In function 'int main()':
conftest.cc:15: error: 'exit' was not declared in this scope
configure:2474: $? = 1
configure: failed program was:
| /* confdefs.h.  */
| 
| #define PACKAGE_NAME "alcatraz"
| #define PACKAGE_TARNAME "alcatraz"
| #define PACKAGE_VERSION "0.6.4"
| #define PACKAGE_STRING "alcatraz 0.6.4"
| #define PACKAGE_BUGREPORT "zliang@cs.stonybrook.edu"
| #define PACKAGE "alcatraz"
| #define VERSION "0.6.4"
| /* end confdefs.h.  */
| 
| int
| main ()
| {
| exit (42);
|   ;
|   return 0;
| }
configure:2423: g++ -c -g -O2  conftest.cc >&5
conftest.cc:11: error: 'void std::exit(int)' should have been declared inside 'std'
configure:2429: $? = 1
configure: failed program was:
| /* confdefs.h.  */
| 
| #define PACKAGE_NAME "alcatraz"
| #define PACKAGE_TARNAME "alcatraz"
| #define PACKAGE_VERSION "0.6.4"
| #define PACKAGE_STRING "alcatraz 0.6.4"
| #define PACKAGE_BUGREPORT "zliang@cs.stonybrook.edu"
| #define PACKAGE "alcatraz"
| #define VERSION "0.6.4"
| /* end confdefs.h.  */
| extern "C" void std::exit (int) throw (); using std::exit;
| #include <stdlib.h>
| int
| main ()
| {
| exit (42);
|   ;
|   return 0;
| }
configure:2423: g++ -c -g -O2  conftest.cc >&5
conftest.cc:11: error: 'void std::exit(int)' should have been declared inside 'std'
In file included from conftest.cc:12:
/usr/include/stdlib.h:543: error: declaration of 'void std::exit(int) throw ()' throws different exceptions
conftest.cc:11: error: from previous declaration 'void std::exit(int)'
configure:2429: $? = 1
configure: failed program was:
| /* confdefs.h.  */
| 
| #define PACKAGE_NAME "alcatraz"
| #define PACKAGE_TARNAME "alcatraz"
| #define PACKAGE_VERSION "0.6.4"
| #define PACKAGE_STRING "alcatraz 0.6.4"
| #define PACKAGE_BUGREPORT "zliang@cs.stonybrook.edu"
| #define PACKAGE "alcatraz"
| #define VERSION "0.6.4"
| /* end confdefs.h.  */
| extern "C" void std::exit (int); using std::exit;
| #include <stdlib.h>
| int
| main ()
| {
| exit (42);
|   ;
|   return 0;
| }
configure:2423: g++ -c -g -O2  conftest.cc >&5
configure:2429: $? = 0
configure:2433: test -z 
			 || test ! -s conftest.err
configure:2436: $? = 0
configure:2439: test -s conftest.o
configure:2442: $? = 0
configure:2468: g++ -c -g -O2  conftest.cc >&5
configure:2474: $? = 0
configure:2478: test -z 
			 || test ! -s conftest.err
configure:2481: $? = 0
configure:2484: test -s conftest.o
configure:2487: $? = 0
configure:2521: checking for style of include used by make
configure:2549: result: GNU
configure:2577: checking dependency style of g++
configure:2667: result: gcc3
configure:2730: checking for gcc
configure:2746: found /usr/bin/gcc
configure:2756: result: gcc
configure:3000: checking for C compiler version
configure:3003: gcc --version </dev/null >&5
gcc (Ubuntu 4.4.3-4ubuntu5.1) 4.4.3
Copyright (C) 2009 Free Software Foundation, Inc.
This is free software; see the source for copying conditions.  There is NO
warranty; not even for MERCHANTABILITY or FITNESS FOR A PARTICULAR PURPOSE.

configure:3006: $? = 0
configure:3008: gcc -v </dev/null >&5
Using built-in specs.
Target: i486-linux-gnu
Configured with: ../src/configure -v --with-pkgversion='Ubuntu 4.4.3-4ubuntu5.1' --with-bugurl=file:///usr/share/doc/gcc-4.4/README.Bugs --enable-languages=c,c++,fortran,objc,obj-c++ --prefix=/usr --enable-shared --enable-multiarch --enable-linker-build-id --with-system-zlib --libexecdir=/usr/lib --without-included-gettext --enable-threads=posix --with-gxx-include-dir=/usr/include/c++/4.4 --program-suffix=-4.4 --enable-nls --enable-clocale=gnu --enable-libstdcxx-debug --enable-plugin --enable-objc-gc --enable-targets=all --disable-werror --with-arch-32=i486 --with-tune=generic --enable-checking=release --build=i486-linux-gnu --host=i486-linux-gnu --target=i486-linux-gnu
Thread model: posix
gcc version 4.4.3 (Ubuntu 4.4.3-4ubuntu5.1) 
configure:3011: $? = 0
configure:3013: gcc -V </dev/null >&5
gcc: '-V' option must have argument
configure:3016: $? = 1
configure:3019: checking whether we are using the GNU C compiler
configure:3043: gcc -c   conftest.c >&5
configure:3049: $? = 0
configure:3053: test -z 
			 || test ! -s conftest.err
configure:3056: $? = 0
configure:3059: test -s conftest.o
configure:3062: $? = 0
configure:3075: result: yes
configure:3081: checking whether gcc accepts -g
configure:3102: gcc -c -g  conftest.c >&5
configure:3108: $? = 0
configure:3112: test -z 
			 || test ! -s conftest.err
configure:3115: $? = 0
configure:3118: test -s conftest.o
configure:3121: $? = 0
configure:3132: result: yes
configure:3149: checking for gcc option to accept ANSI C
configure:3219: gcc  -c -g -O2  conftest.c >&5
configure:3225: $? = 0
configure:3229: test -z 
			 || test ! -s conftest.err
configure:3232: $? = 0
configure:3235: test -s conftest.o
configure:3238: $? = 0
configure:3256: result: none needed
configure:3274: gcc -c -g -O2  conftest.c >&5
conftest.c:2: error: expected '=', ',', ';', 'asm' or '__attribute__' before 'me'
configure:3280: $? = 1
configure: failed program was:
| #ifndef __cplusplus
|   choke me
| #endif
configure:3415: checking dependency style of gcc
configure:3505: result: gcc3
configure:3522: checking whether make sets $(MAKE)
configure:3542: result: yes
configure:3629: checking build system type
configure:3647: result: i686-pc-linux-gnu
configure:3655: checking host system type
configure:3669: result: i686-pc-linux-gnu
configure:3677: checking for a sed that does not truncate output
configure:3731: result: /bin/sed
configure:3734: checking for egrep
configure:3744: result: grep -E
configure:3760: checking for ld used by gcc
configure:3827: result: /usr/bin/ld
configure:3836: checking if the linker (/usr/bin/ld) is GNU ld
configure:3851: result: yes
configure:3856: checking for /usr/bin/ld option to reload object files
configure:3863: result: -r
configure:3872: checking for BSD-compatible nm
configure:3914: result: /usr/bin/nm -B
configure:3918: checking whether ln -s works
configure:3922: result: yes
configure:3929: checking how to recognise dependent libraries
configure:4112: result: pass_all
configure:4326: checking how to run the C preprocessor
configure:4361: gcc -E  conftest.c
configure:4367: $? = 0
configure:4399: gcc -E  conftest.c
conftest.c:14:28: error: ac_nonexistent.h: No such file or directory
configure:4405: $? = 1
configure: failed program was:
| /* confdefs.h.  */
| 
| #define PACKAGE_NAME "alcatraz"
| #define PACKAGE_TARNAME "alcatraz"
| #define PACKAGE_VERSION "0.6.4"
| #define PACKAGE_STRING "alcatraz 0.6.4"
| #define PACKAGE_BUGREPORT "zliang@cs.stonybrook.edu"
| #define PACKAGE "alcatraz"
| #define VERSION "0.6.4"
| #ifdef __cplusplus
| extern "C" void exit (int) throw ();
| #endif
| /* end confdefs.h.  */
| #include <ac_nonexistent.h>
configure:4444: result: gcc -E
configure:4468: gcc -E  conftest.c
configure:4474: $? = 0
configure:4506: gcc -E  conftest.c
conftest.c:14:28: error: ac_nonexistent.h: No such file or directory
configure:4512: $? = 1
configure: failed program was:
| /* confdefs.h.  */
| 
| #define PACKAGE_NAME "alcatraz"
| #define PACKAGE_TARNAME "alcatraz"
| #define PACKAGE_VERSION "0.6.4"
| #define PACKAGE_STRING "alcatraz 0.6.4"
| #define PACKAGE_BUGREPORT "zliang@cs.stonybrook.edu"
| #define PACKAGE "alcatraz"
| #define VERSION "0.6.4"
| #ifdef __cplusplus
| extern "C" void exit (int) throw ();
| #endif
| /* end confdefs.h.  */
| #include <ac_nonexistent.h>
configure:4556: checking for ANSI C header files
configure:4581: gcc -c -g -O2  conftest.c >&5
configure:4587: $? = 0
configure:4591: test -z 
			 || test ! -s conftest.err
configure:4594: $? = 0
configure:4597: test -s conftest.o
configure:4600: $? = 0
configure:4689: gcc -o conftest -g -O2   conftest.c  >&5
conftest.c: In function 'main':
conftest.c:31: warning: incompatible implicit declaration of built-in function 'exit'
configure:4692: $? = 0
configure:4694: ./conftest
configure:4697: $? = 0
configure:4712: result: yes
configure:4736: checking for sys/types.h
configure:4752: gcc -c -g -O2  conftest.c >&5
configure:4758: $? = 0
configure:4762: test -z 
			 || test ! -s conftest.err
configure:4765: $? = 0
configure:4768: test -s conftest.o
configure:4771: $? = 0
configure:4782: result: yes
configure:4736: checking for sys/stat.h
configure:4752: gcc -c -g -O2  conftest.c >&5
configure:4758: $? = 0
configure:4762: test -z 
			 || test ! -s conftest.err
configure:4765: $? = 0
configure:4768: test -s conftest.o
configure:4771: $? = 0
configure:4782: result: yes
configure:4736: checking for stdlib.h
configure:4752: gcc -c -g -O2  conftest.c >&5
configure:4758: $? = 0
configure:4762: test -z 
			 || test ! -s conftest.err
configure:4765: $? = 0
configure:4768: test -s conftest.o
configure:4771: $? = 0
configure:4782: result: yes
configure:4736: checking for string.h
configure:4752: gcc -c -g -O2  conftest.c >&5
configure:4758: $? = 0
configure:4762: test -z 
			 || test ! -s conftest.err
configure:4765: $? = 0
configure:4768: test -s conftest.o
configure:4771: $? = 0
configure:4782: result: yes
configure:4736: checking for memory.h
configure:4752: gcc -c -g -O2  conftest.c >&5
configure:4758: $? = 0
configure:4762: test -z 
			 || test ! -s conftest.err
configure:4765: $? = 0
configure:4768: test -s conftest.o
configure:4771: $? = 0
configure:4782: result: yes
configure:4736: checking for strings.h
configure:4752: gcc -c -g -O2  conftest.c >&5
configure:4758: $? = 0
configure:4762: test -z 
			 || test ! -s conftest.err
configure:4765: $? = 0
configure:4768: test -s conftest.o
configure:4771: $? = 0
configure:4782: result: yes
configure:4736: checking for inttypes.h
configure:4752: gcc -c -g -O2  conftest.c >&5
configure:4758: $? = 0
configure:4762: test -z 
			 || test ! -s conftest.err
configure:4765: $? = 0
configure:4768: test -s conftest.o
configure:4771: $? = 0
configure:4782: result: yes
configure:4736: checking for stdint.h
configure:4752: gcc -c -g -O2  conftest.c >&5
configure:4758: $? = 0
configure:4762: test -z 
			 || test ! -s conftest.err
configure:4765: $? = 0
configure:4768: test -s conftest.o
configure:4771: $? = 0
configure:4782: result: yes
configure:4736: checking for unistd.h
configure:4752: gcc -c -g -O2  conftest.c >&5
configure:4758: $? = 0
configure:4762: test -z 
			 || test ! -s conftest.err
configure:4765: $? = 0
configure:4768: test -s conftest.o
configure:4771: $? = 0
configure:4782: result: yes
configure:4808: checking dlfcn.h usability
configure:4820: gcc -c -g -O2  conftest.c >&5
configure:4826: $? = 0
configure:4830: test -z 
			 || test ! -s conftest.err
configure:4833: $? = 0
configure:4836: test -s conftest.o
configure:4839: $? = 0
configure:4849: result: yes
configure:4853: checking dlfcn.h presence
configure:4863: gcc -E  conftest.c
configure:4869: $? = 0
configure:4889: result: yes
configure:4924: checking for dlfcn.h
configure:4931: result: yes
configure:4949: checking how to run the C++ preprocessor
configure:4980: g++ -E  conftest.cc
configure:4986: $? = 0
configure:5018: g++ -E  conftest.cc
conftest.cc:25:28: error: ac_nonexistent.h: No such file or directory
configure:5024: $? = 1
configure: failed program was:
| /* confdefs.h.  */
| 
| #define PACKAGE_NAME "alcatraz"
| #define PACKAGE_TARNAME "alcatraz"
| #define PACKAGE_VERSION "0.6.4"
| #define PACKAGE_STRING "alcatraz 0.6.4"
| #define PACKAGE_BUGREPORT "zliang@cs.stonybrook.edu"
| #define PACKAGE "alcatraz"
| #define VERSION "0.6.4"
| #ifdef __cplusplus
| extern "C" void exit (int) throw ();
| #endif
| #define STDC_HEADERS 1
| #define HAVE_SYS_TYPES_H 1
| #define HAVE_SYS_STAT_H 1
| #define HAVE_STDLIB_H 1
| #define HAVE_STRING_H 1
| #define HAVE_MEMORY_H 1
| #define HAVE_STRINGS_H 1
| #define HAVE_INTTYPES_H 1
| #define HAVE_STDINT_H 1
| #define HAVE_UNISTD_H 1
| #define HAVE_DLFCN_H 1
| /* end confdefs.h.  */
| #include <ac_nonexistent.h>
configure:5063: result: g++ -E
configure:5087: g++ -E  conftest.cc
configure:5093: $? = 0
configure:5125: g++ -E  conftest.cc
conftest.cc:25:28: error: ac_nonexistent.h: No such file or directory
configure:5131: $? = 1
configure: failed program was:
| /* confdefs.h.  */
| 
| #define PACKAGE_NAME "alcatraz"
| #define PACKAGE_TARNAME "alcatraz"
| #define PACKAGE_VERSION "0.6.4"
| #define PACKAGE_STRING "alcatraz 0.6.4"
| #define PACKAGE_BUGREPORT "zliang@cs.stonybrook.edu"
| #define PACKAGE "alcatraz"
| #define VERSION "0.6.4"
| #ifdef __cplusplus
| extern "C" void exit (int) throw ();
| #endif
| #define STDC_HEADERS 1
| #define HAVE_SYS_TYPES_H 1
| #define HAVE_SYS_STAT_H 1
| #define HAVE_STDLIB_H 1
| #define HAVE_STRING_H 1
| #define HAVE_MEMORY_H 1
| #define HAVE_STRINGS_H 1
| #define HAVE_INTTYPES_H 1
| #define HAVE_STDINT_H 1
| #define HAVE_UNISTD_H 1
| #define HAVE_DLFCN_H 1
| /* end confdefs.h.  */
| #include <ac_nonexistent.h>
configure:5226: checking for g77
configure:5255: result: no
configure:5226: checking for f77
configure:5255: result: no
configure:5226: checking for xlf
configure:5255: result: no
configure:5226: checking for frt
configure:5255: result: no
configure:5226: checking for pgf77
configure:5255: result: no
configure:5226: checking for fort77
configure:5255: result: no
configure:5226: checking for fl32
configure:5255: result: no
configure:5226: checking for af77
configure:5255: result: no
configure:5226: checking for f90
configure:5255: result: no
configure:5226: checking for xlf90
configure:5255: result: no
configure:5226: checking for pgf90
configure:5255: result: no
configure:5226: checking for epcf90
configure:5255: result: no
configure:5226: checking for f95
configure:5255: result: no
configure:5226: checking for fort
configure:5255: result: no
configure:5226: checking for xlf95
configure:5255: result: no
configure:5226: checking for ifc
configure:5255: result: no
configure:5226: checking for efc
configure:5255: result: no
configure:5226: checking for pgf95
configure:5255: result: no
configure:5226: checking for lf95
configure:5255: result: no
configure:5226: checking for gfortran
configure:5255: result: no
configure:5267: checking for Fortran 77 compiler version
configure:5270:  --version </dev/null >&5
./configure: line 5271: --version: command not found
configure:5273: $? = 127
configure:5275:  -v </dev/null >&5
./configure: line 5276: -v: command not found
configure:5278: $? = 127
configure:5280:  -V </dev/null >&5
./configure: line 5281: -V: command not found
configure:5283: $? = 127
configure:5291: checking whether we are using the GNU Fortran 77 compiler
configure:5305:  -c  conftest.F >&5
./configure: line 5306: -c: command not found
configure:5311: $? = 127
configure: failed program was:
|       program main
| #ifndef __GNUC__
|        choke me
| #endif
| 
|       end
configure:5337: result: no
configure:5343: checking whether  accepts -g
configure:5355:  -c -g conftest.f >&5
./configure: line 5356: -c: command not found
configure:5361: $? = 127
configure: failed program was:
|       program main
| 
|       end
configure:5386: result: no
configure:5416: checking the maximum length of command line arguments
configure:5481: result: 32768
configure:5492: checking command to parse /usr/bin/nm -B output from gcc object
configure:5581: gcc -c -g -O2  conftest.c >&5
configure:5584: $? = 0
configure:5588: /usr/bin/nm -B conftest.o \| sed -n -e 's/^.*[ 	]\([ABCDGIRSTW][ABCDGIRSTW]*\)[ 	][ 	]*\(\)\([_A-Za-z][_A-Za-z0-9]*\)$/\1 \2\3 \3/p' \> conftest.nm
configure:5591: $? = 0
configure:5643: gcc -o conftest -g -O2   conftest.c conftstm.o >&5
configure:5646: $? = 0
configure:5684: result: ok
configure:5688: checking for objdir
configure:5703: result: .libs
configure:5793: checking for ar
configure:5809: found /usr/bin/ar
configure:5820: result: ar
configure:5873: checking for ranlib
configure:5889: found /usr/bin/ranlib
configure:5900: result: ranlib
configure:5953: checking for strip
configure:5969: found /usr/bin/strip
configure:5980: result: strip
configure:6242: checking if gcc static flag  works
configure:6265: result: yes
configure:6283: checking if gcc supports -fno-rtti -fno-exceptions
configure:6301: gcc -c -g -O2  -fno-rtti -fno-exceptions conftest.c >&5
cc1: warning: command line option "-fno-rtti" is valid for C++/ObjC++ but not for C
configure:6305: $? = 0
configure:6316: result: no
configure:6331: checking for gcc option to produce PIC
configure:6508: result: -fPIC
configure:6516: checking if gcc PIC flag -fPIC works
configure:6534: gcc -c -g -O2  -fPIC -DPIC conftest.c >&5
configure:6538: $? = 0
configure:6549: result: yes
configure:6573: checking if gcc supports -c -o file.o
configure:6594: gcc -c -g -O2  -o out/conftest2.o conftest.c >&5
configure:6598: $? = 0
configure:6618: result: yes
configure:6644: checking whether the gcc linker (/usr/bin/ld) supports shared libraries
configure:7492: result: yes
configure:7518: checking whether -lc should be explicitly linked in
configure:7523: gcc -c -g -O2  conftest.c >&5
configure:7526: $? = 0
configure:7540: gcc -shared conftest.o  -v -Wl,-soname -Wl,conftest -o conftest 2\>\&1 \| grep  -lc  \>/dev/null 2\>\&1
configure:7543: $? = 0
configure:7555: result: no
configure:7563: checking dynamic linker characteristics
configure:8124: result: GNU/Linux ld.so
configure:8128: checking how to hardcode library paths into programs
configure:8153: result: immediate
configure:8167: checking whether stripping libraries is possible
configure:8172: result: yes
configure:9002: checking if libtool supports shared libraries
configure:9004: result: yes
configure:9007: checking whether to build shared libraries
configure:9065: result: yes
configure:9068: checking whether to build static libraries
configure:9072: result: yes
configure:9164: creating libtool
configure:9711: checking for ld used by g++
configure:9778: result: /usr/bin/ld
configure:9787: checking if the linker (/usr/bin/ld) is GNU ld
configure:9802: result: yes
configure:9853: checking whether the g++ linker (/usr/bin/ld) supports shared libraries
configure:10681: result: yes
configure:10699: g++ -c -g -O2  conftest.cc >&5
configure:10702: $? = 0
configure:10798: checking for g++ option to produce PIC
configure:11050: result: -fPIC
configure:11058: checking if g++ PIC flag -fPIC works
configure:11076: g++ -c -g -O2  -fPIC -DPIC conftest.cc >&5
configure:11080: $? = 0
configure:11091: result: yes
configure:11115: checking if g++ supports -c -o file.o
configure:11136: g++ -c -g -O2  -o out/conftest2.o conftest.cc >&5
configure:11140: $? = 0
configure:11160: result: yes
configure:11186: checking whether the g++ linker (/usr/bin/ld) supports shared libraries
configure:11211: result: yes
configure:11282: checking dynamic linker characteristics
configure:11843: result: GNU/Linux ld.so
configure:11847: checking how to hardcode library paths into programs
configure:11872: result: immediate
configure:11886: checking whether stripping libraries is possible
configure:11891: result: yes
configure:19172: checking for main in -lssl
configure:19196: gcc -o conftest -g -O2   conftest.c -lssl   >&5
configure:19202: $? = 0
configure:19206: test -z 
			 || test ! -s conftest.err
configure:19209: $? = 0
configure:19212: test -s conftest
configure:19215: $? = 0
configure:19228: result: yes
configure:19241: checking for main in -letrace
configure:19265: gcc -o conftest -g -O2   conftest.c -letrace  -lssl  >&5
configure:19271: $? = 0
configure:19275: test -z 
			 || test ! -s conftest.err
configure:19278: $? = 0
configure:19281: test -s conftest
configure:19284: $? = 0
configure:19297: result: yes
configure:19310: checking for ANSI C header files
configure:19466: result: yes
configure:19498: checking fcntl.h usability
configure:19510: gcc -c -g -O2  conftest.c >&5
configure:19516: $? = 0
configure:19520: test -z 
			 || test ! -s conftest.err
configure:19523: $? = 0
configure:19526: test -s conftest.o
configure:19529: $? = 0
configure:19539: result: yes
configure:19543: checking fcntl.h presence
configure:19553: gcc -E  conftest.c
configure:19559: $? = 0
configure:19579: result: yes
configure:19614: checking for fcntl.h
configure:19621: result: yes
configure:19498: checking limits.h usability
configure:19510: gcc -c -g -O2  conftest.c >&5
configure:19516: $? = 0
configure:19520: test -z 
			 || test ! -s conftest.err
configure:19523: $? = 0
configure:19526: test -s conftest.o
configure:19529: $? = 0
configure:19539: result: yes
configure:19543: checking limits.h presence
configure:19553: gcc -E  conftest.c
configure:19559: $? = 0
configure:19579: result: yes
configure:19614: checking for limits.h
configure:19621: result: yes
configure:19498: checking malloc.h usability
configure:19510: gcc -c -g -O2  conftest.c >&5
configure:19516: $? = 0
configure:19520: test -z 
			 || test ! -s conftest.err
configure:19523: $? = 0
configure:19526: test -s conftest.o
configure:19529: $? = 0
configure:19539: result: yes
configure:19543: checking malloc.h presence
configure:19553: gcc -E  conftest.c
configure:19559: $? = 0
configure:19579: result: yes
configure:19614: checking for malloc.h
configure:19621: result: yes
configure:19498: checking netdb.h usability
configure:19510: gcc -c -g -O2  conftest.c >&5
configure:19516: $? = 0
configure:19520: test -z 
			 || test ! -s conftest.err
configure:19523: $? = 0
configure:19526: test -s conftest.o
configure:19529: $? = 0
configure:19539: result: yes
configure:19543: checking netdb.h presence
configure:19553: gcc -E  conftest.c
configure:19559: $? = 0
configure:19579: result: yes
configure:19614: checking for netdb.h
configure:19621: result: yes
configure:19498: checking netinet/in.h usability
configure:19510: gcc -c -g -O2  conftest.c >&5
configure:19516: $? = 0
configure:19520: test -z 
			 || test ! -s conftest.err
configure:19523: $? = 0
configure:19526: test -s conftest.o
configure:19529: $? = 0
configure:19539: result: yes
configure:19543: checking netinet/in.h presence
configure:19553: gcc -E  conftest.c
configure:19559: $? = 0
configure:19579: result: yes
configure:19614: checking for netinet/in.h
configure:19621: result: yes
configure:19489: checking for stdlib.h
configure:19494: result: yes
configure:19489: checking for string.h
configure:19494: result: yes
configure:19498: checking sys/socket.h usability
configure:19510: gcc -c -g -O2  conftest.c >&5
configure:19516: $? = 0
configure:19520: test -z 
			 || test ! -s conftest.err
configure:19523: $? = 0
configure:19526: test -s conftest.o
configure:19529: $? = 0
configure:19539: result: yes
configure:19543: checking sys/socket.h presence
configure:19553: gcc -E  conftest.c
configure:19559: $? = 0
configure:19579: result: yes
configure:19614: checking for sys/socket.h
configure:19621: result: yes
configure:19489: checking for unistd.h
configure:19494: result: yes
configure:19636: checking for stdbool.h that conforms to C99
configure:19689: gcc -c -g -O2  conftest.c >&5
configure:19695: $? = 0
configure:19699: test -z 
			 || test ! -s conftest.err
configure:19702: $? = 0
configure:19705: test -s conftest.o
configure:19708: $? = 0
configure:19719: result: yes
configure:19721: checking for _Bool
configure:19745: gcc -c -g -O2  conftest.c >&5
configure:19751: $? = 0
configure:19755: test -z 
			 || test ! -s conftest.err
configure:19758: $? = 0
configure:19761: test -s conftest.o
configure:19764: $? = 0
configure:19775: result: yes
configure:19794: checking for an ANSI C-conforming const
configure:19861: gcc -c -g -O2  conftest.c >&5
configure:19867: $? = 0
configure:19871: test -z 
			 || test ! -s conftest.err
configure:19874: $? = 0
configure:19877: test -s conftest.o
configure:19880: $? = 0
configure:19891: result: yes
configure:19901: checking for pid_t
configure:19925: gcc -c -g -O2  conftest.c >&5
configure:19931: $? = 0
configure:19935: test -z 
			 || test ! -s conftest.err
configure:19938: $? = 0
configure:19941: test -s conftest.o
configure:19944: $? = 0
configure:19955: result: yes
configure:19967: checking for C/C++ restrict keyword
configure:19985: gcc -c -g -O2  conftest.c >&5
conftest.c:39: error: expected '=', ',', ';', 'asm' or '__attribute__' before 'x'
configure:19991: $? = 1
configure: failed program was:
| /* confdefs.h.  */
| 
| #define PACKAGE_NAME "alcatraz"
| #define PACKAGE_TARNAME "alcatraz"
| #define PACKAGE_VERSION "0.6.4"
| #define PACKAGE_STRING "alcatraz 0.6.4"
| #define PACKAGE_BUGREPORT "zliang@cs.stonybrook.edu"
| #define PACKAGE "alcatraz"
| #define VERSION "0.6.4"
| #ifdef __cplusplus
| extern "C" void exit (int) throw ();
| #endif
| #define STDC_HEADERS 1
| #define HAVE_SYS_TYPES_H 1
| #define HAVE_SYS_STAT_H 1
| #define HAVE_STDLIB_H 1
| #define HAVE_STRING_H 1
| #define HAVE_MEMORY_H 1
| #define HAVE_STRINGS_H 1
| #define HAVE_INTTYPES_H 1
| #define HAVE_STDINT_H 1
| #define HAVE_UNISTD_H 1
| #define HAVE_DLFCN_H 1
| #define HAVE_LIBSSL 1
| #define HAVE_LIBETRACE 1
| #define STDC_HEADERS 1
| #define HAVE_FCNTL_H 1
| #define HAVE_LIMITS_H 1
| #define HAVE_MALLOC_H 1
| #define HAVE_NETDB_H 1
| #define HAVE_NETINET_IN_H 1
| #define HAVE_STDLIB_H 1
| #define HAVE_STRING_H 1
| #define HAVE_SYS_SOCKET_H 1
| #define HAVE_UNISTD_H 1
| #define HAVE__BOOL 1
| #define HAVE_STDBOOL_H 1
| /* end confdefs.h.  */
| float * restrict x;
configure:19985: gcc -c -g -O2  conftest.c >&5
configure:19991: $? = 0
configure:19995: test -z 
			 || test ! -s conftest.err
configure:19998: $? = 0
configure:20001: test -s conftest.o
configure:20004: $? = 0
configure:20016: result: __restrict
configure:20031: checking for size_t
configure:20055: gcc -c -g -O2  conftest.c >&5
configure:20061: $? = 0
configure:20065: test -z 
			 || test ! -s conftest.err
configure:20068: $? = 0
configure:20071: test -s conftest.o
configure:20074: $? = 0
configure:20085: result: yes
configure:20099: checking for uid_t in sys/types.h
configure:20122: result: yes
configure:20142: checking for unistd.h
configure:20147: result: yes
configure:20287: checking for working chown
configure:20326: gcc -o conftest -g -O2   conftest.c -letrace -lssl  >&5
configure:20329: $? = 0
configure:20331: ./conftest
configure:20334: $? = 0
configure:20350: result: yes
configure:20360: checking for error_at_line
configure:20381: gcc -o conftest -g -O2   conftest.c -letrace -lssl  >&5
configure:20387: $? = 0
configure:20391: test -z 
			 || test ! -s conftest.err
configure:20394: $? = 0
configure:20397: test -s conftest
configure:20400: $? = 0
configure:20412: result: yes
configure:20425: checking whether lstat dereferences a symlink specified with a trailing slash
configure:20456: gcc -o conftest -g -O2   conftest.c -letrace -lssl  >&5
configure:20459: $? = 0
configure:20461: ./conftest
configure:20464: $? = 0
configure:20485: result: yes
configure:20506: checking whether lstat accepts an empty string
configure:20531: gcc -o conftest -g -O2   conftest.c -letrace -lssl  >&5
configure:20534: $? = 0
configure:20536: ./conftest
configure:20539: $? = 1
configure: program exited with status 1
configure: failed program was:
| /* confdefs.h.  */
| 
| #define PACKAGE_NAME "alcatraz"
| #define PACKAGE_TARNAME "alcatraz"
| #define PACKAGE_VERSION "0.6.4"
| #define PACKAGE_STRING "alcatraz 0.6.4"
| #define PACKAGE_BUGREPORT "zliang@cs.stonybrook.edu"
| #define PACKAGE "alcatraz"
| #define VERSION "0.6.4"
| #ifdef __cplusplus
| extern "C" void exit (int) throw ();
| #endif
| #define STDC_HEADERS 1
| #define HAVE_SYS_TYPES_H 1
| #define HAVE_SYS_STAT_H 1
| #define HAVE_STDLIB_H 1
| #define HAVE_STRING_H 1
| #define HAVE_MEMORY_H 1
| #define HAVE_STRINGS_H 1
| #define HAVE_INTTYPES_H 1
| #define HAVE_STDINT_H 1
| #define HAVE_UNISTD_H 1
| #define HAVE_DLFCN_H 1
| #define HAVE_LIBSSL 1
| #define HAVE_LIBETRACE 1
| #define STDC_HEADERS 1
| #define HAVE_FCNTL_H 1
| #define HAVE_LIMITS_H 1
| #define HAVE_MALLOC_H 1
| #define HAVE_NETDB_H 1
| #define HAVE_NETINET_IN_H 1
| #define HAVE_STDLIB_H 1
| #define HAVE_STRING_H 1
| #define HAVE_SYS_SOCKET_H 1
| #define HAVE_UNISTD_H 1
| #define HAVE__BOOL 1
| #define HAVE_STDBOOL_H 1
| #define restrict __restrict
| #define HAVE_UNISTD_H 1
| #define HAVE_CHOWN 1
| #define LSTAT_FOLLOWS_SLASHED_SYMLINK 1
| /* end confdefs.h.  */
| #include <stdio.h>
| #if HAVE_SYS_TYPES_H
| # include <sys/types.h>
| #endif
| #if HAVE_SYS_STAT_H
| # include <sys/stat.h>
| #endif
| #if STDC_HEADERS
| # include <stdlib.h>
| # include <stddef.h>
| #else
| # if HAVE_STDLIB_H
| #  include <stdlib.h>
| # endif
| #endif
| #if HAVE_STRING_H
| # if !STDC_HEADERS && HAVE_MEMORY_H
| #  include <memory.h>
| # endif
| # include <string.h>
| #endif
| #if HAVE_STRINGS_H
| # include <strings.h>
| #endif
| #if HAVE_INTTYPES_H
| # include <inttypes.h>
| #else
| # if HAVE_STDINT_H
| #  include <stdint.h>
| # endif
| #endif
| #if HAVE_UNISTD_H
| # include <unistd.h>
| #endif
| int
| main ()
| {
| struct stat sbuf;
|   exit (lstat ("", &sbuf) ? 1 : 0);
|   ;
|   return 0;
| }
configure:20553: result: no
configure:20571: checking whether lstat dereferences a symlink specified with a trailing slash
configure:20631: result: yes
configure:20657: checking for stdlib.h
configure:20662: result: yes
configure:20802: checking for GNU libc compatible malloc
configure:20831: gcc -o conftest -g -O2   conftest.c -letrace -lssl  >&5
configure:20834: $? = 0
configure:20836: ./conftest
configure:20839: $? = 0
configure:20853: result: yes
configure:20888: checking for stdlib.h
configure:20893: result: yes
configure:21033: checking for GNU libc compatible realloc
configure:21062: gcc -o conftest -g -O2   conftest.c -letrace -lssl  >&5
configure:21065: $? = 0
configure:21067: ./conftest
configure:21070: $? = 0
configure:21084: result: yes
configure:21114: checking whether stat accepts an empty string
configure:21139: gcc -o conftest -g -O2   conftest.c -letrace -lssl  >&5
configure:21142: $? = 0
configure:21144: ./conftest
configure:21147: $? = 1
configure: program exited with status 1
configure: failed program was:
| /* confdefs.h.  */
| 
| #define PACKAGE_NAME "alcatraz"
| #define PACKAGE_TARNAME "alcatraz"
| #define PACKAGE_VERSION "0.6.4"
| #define PACKAGE_STRING "alcatraz 0.6.4"
| #define PACKAGE_BUGREPORT "zliang@cs.stonybrook.edu"
| #define PACKAGE "alcatraz"
| #define VERSION "0.6.4"
| #ifdef __cplusplus
| extern "C" void exit (int) throw ();
| #endif
| #define STDC_HEADERS 1
| #define HAVE_SYS_TYPES_H 1
| #define HAVE_SYS_STAT_H 1
| #define HAVE_STDLIB_H 1
| #define HAVE_STRING_H 1
| #define HAVE_MEMORY_H 1
| #define HAVE_STRINGS_H 1
| #define HAVE_INTTYPES_H 1
| #define HAVE_STDINT_H 1
| #define HAVE_UNISTD_H 1
| #define HAVE_DLFCN_H 1
| #define HAVE_LIBSSL 1
| #define HAVE_LIBETRACE 1
| #define STDC_HEADERS 1
| #define HAVE_FCNTL_H 1
| #define HAVE_LIMITS_H 1
| #define HAVE_MALLOC_H 1
| #define HAVE_NETDB_H 1
| #define HAVE_NETINET_IN_H 1
| #define HAVE_STDLIB_H 1
| #define HAVE_STRING_H 1
| #define HAVE_SYS_SOCKET_H 1
| #define HAVE_UNISTD_H 1
| #define HAVE__BOOL 1
| #define HAVE_STDBOOL_H 1
| #define restrict __restrict
| #define HAVE_UNISTD_H 1
| #define HAVE_CHOWN 1
| #define LSTAT_FOLLOWS_SLASHED_SYMLINK 1
| #define LSTAT_FOLLOWS_SLASHED_SYMLINK 1
| #define HAVE_STDLIB_H 1
| #define HAVE_MALLOC 1
| #define HAVE_STDLIB_H 1
| #define HAVE_REALLOC 1
| /* end confdefs.h.  */
| #include <stdio.h>
| #if HAVE_SYS_TYPES_H
| # include <sys/types.h>
| #endif
| #if HAVE_SYS_STAT_H
| # include <sys/stat.h>
| #endif
| #if STDC_HEADERS
| # include <stdlib.h>
| # include <stddef.h>
| #else
| # if HAVE_STDLIB_H
| #  include <stdlib.h>
| # endif
| #endif
| #if HAVE_STRING_H
| # if !STDC_HEADERS && HAVE_MEMORY_H
| #  include <memory.h>
| # endif
| # include <string.h>
| #endif
| #if HAVE_STRINGS_H
| # include <strings.h>
| #endif
| #if HAVE_INTTYPES_H
| # include <inttypes.h>
| #else
| # if HAVE_STDINT_H
| #  include <stdint.h>
| # endif
| #endif
| #if HAVE_UNISTD_H
| # include <unistd.h>
| #endif
| int
| main ()
| {
| struct stat sbuf;
|   exit (stat ("", &sbuf) ? 1 : 0);
|   ;
|   return 0;
| }
configure:21161: result: no
configure:21190: checking for bzero
configure:21247: gcc -o conftest -g -O2   conftest.c -letrace -lssl  >&5
conftest.c:72: warning: conflicting types for built-in function 'bzero'
configure:21253: $? = 0
configure:21257: test -z 
			 || test ! -s conftest.err
configure:21260: $? = 0
configure:21263: test -s conftest
configure:21266: $? = 0
configure:21278: result: yes
configure:21190: checking for getcwd
configure:21247: gcc -o conftest -g -O2   conftest.c -letrace -lssl  >&5
configure:21253: $? = 0
configure:21257: test -z 
			 || test ! -s conftest.err
configure:21260: $? = 0
configure:21263: test -s conftest
configure:21266: $? = 0
configure:21278: result: yes
configure:21190: checking for gethostbyname
configure:21247: gcc -o conftest -g -O2   conftest.c -letrace -lssl  >&5
configure:21253: $? = 0
configure:21257: test -z 
			 || test ! -s conftest.err
configure:21260: $? = 0
configure:21263: test -s conftest
configure:21266: $? = 0
configure:21278: result: yes
configure:21190: checking for mkdir
configure:21247: gcc -o conftest -g -O2   conftest.c -letrace -lssl  >&5
configure:21253: $? = 0
configure:21257: test -z 
			 || test ! -s conftest.err
configure:21260: $? = 0
configure:21263: test -s conftest
configure:21266: $? = 0
configure:21278: result: yes
configure:21190: checking for realpath
configure:21247: gcc -o conftest -g -O2   conftest.c -letrace -lssl  >&5
configure:21253: $? = 0
configure:21257: test -z 
			 || test ! -s conftest.err
configure:21260: $? = 0
configure:21263: test -s conftest
configure:21266: $? = 0
configure:21278: result: yes
configure:21190: checking for rmdir
configure:21247: gcc -o conftest -g -O2   conftest.c -letrace -lssl  >&5
configure:21253: $? = 0
configure:21257: test -z 
			 || test ! -s conftest.err
configure:21260: $? = 0
configure:21263: test -s conftest
configure:21266: $? = 0
configure:21278: result: yes
configure:21190: checking for socket
configure:21247: gcc -o conftest -g -O2   conftest.c -letrace -lssl  >&5
configure:21253: $? = 0
configure:21257: test -z 
			 || test ! -s conftest.err
configure:21260: $? = 0
configure:21263: test -s conftest
configure:21266: $? = 0
configure:21278: result: yes
configure:21190: checking for strdup
configure:21247: gcc -o conftest -g -O2   conftest.c -letrace -lssl  >&5
conftest.c:79: warning: conflicting types for built-in function 'strdup'
configure:21253: $? = 0
configure:21257: test -z 
			 || test ! -s conftest.err
configure:21260: $? = 0
configure:21263: test -s conftest
configure:21266: $? = 0
configure:21278: result: yes
configure:21407: creating ./config.status

## ---------------------- ##
## Running config.status. ##
## ---------------------- ##

This file was extended by alcatraz config.status 0.6.4, which was
generated by GNU Autoconf 2.59.  Invocation command line was

  CONFIG_FILES    = 
  CONFIG_HEADERS  = 
  CONFIG_LINKS    = 
  CONFIG_COMMANDS = 
  $ ./config.status 

on Ubuntu-Cloud

config.status:718: creating Makefile
config.status:718: creating scripts/Makefile
config.status:718: creating src/Makefile
config.status:718: creating policies/Makefile
config.status:718: creating GUI/Makefile
config.status:822: creating config.h
config.status:1188: executing depfiles commands

## ---------------- ##
## Cache variables. ##
## ---------------- ##

ac_cv_build=i686-pc-linux-gnu
ac_cv_build_alias=i686-pc-linux-gnu
ac_cv_c_compiler_gnu=yes
ac_cv_c_const=yes
ac_cv_c_restrict=__restrict
ac_cv_cxx_compiler_gnu=yes
ac_cv_env_CC_set=
ac_cv_env_CC_value=
ac_cv_env_CFLAGS_set=
ac_cv_env_CFLAGS_value=
ac_cv_env_CPPFLAGS_set=
ac_cv_env_CPPFLAGS_value=
ac_cv_env_CPP_set=
ac_cv_env_CPP_value=
ac_cv_env_CXXCPP_set=
ac_cv_env_CXXCPP_value=
ac_cv_env_CXXFLAGS_set=
ac_cv_env_CXXFLAGS_value=
ac_cv_env_CXX_set=
ac_cv_env_CXX_value=
ac_cv_env_F77_set=
ac_cv_env_F77_value=
ac_cv_env_FFLAGS_set=
ac_cv_env_FFLAGS_value=
ac_cv_env_LDFLAGS_set=
ac_cv_env_LDFLAGS_value=
ac_cv_env_build_alias_set=
ac_cv_env_build_alias_value=
ac_cv_env_host_alias_set=
ac_cv_env_host_alias_value=
ac_cv_env_target_alias_set=
ac_cv_env_target_alias_value=
ac_cv_exeext=
ac_cv_f77_compiler_gnu=no
ac_cv_func_bzero=yes
ac_cv_func_chown_works=yes
ac_cv_func_getcwd=yes
ac_cv_func_gethostbyname=yes
ac_cv_func_lstat_dereferences_slashed_symlink=yes
ac_cv_func_lstat_empty_string_bug=no
ac_cv_func_malloc_0_nonnull=yes
ac_cv_func_mkdir=yes
ac_cv_func_realloc_0_nonnull=yes
ac_cv_func_realpath=yes
ac_cv_func_rmdir=yes
ac_cv_func_socket=yes
ac_cv_func_stat_empty_string_bug=no
ac_cv_func_strdup=yes
ac_cv_header_dlfcn_h=yes
ac_cv_header_fcntl_h=yes
ac_cv_header_inttypes_h=yes
ac_cv_header_limits_h=yes
ac_cv_header_malloc_h=yes
ac_cv_header_memory_h=yes
ac_cv_header_netdb_h=yes
ac_cv_header_netinet_in_h=yes
ac_cv_header_stdbool_h=yes
ac_cv_header_stdc=yes
ac_cv_header_stdint_h=yes
ac_cv_header_stdlib_h=yes
ac_cv_header_string_h=yes
ac_cv_header_strings_h=yes
ac_cv_header_sys_socket_h=yes
ac_cv_header_sys_stat_h=yes
ac_cv_header_sys_types_h=yes
ac_cv_header_unistd_h=yes
ac_cv_host=i686-pc-linux-gnu
ac_cv_host_alias=i686-pc-linux-gnu
ac_cv_lib_error_at_line=yes
ac_cv_lib_etrace_main=yes
ac_cv_lib_ssl_main=yes
ac_cv_objext=o
ac_cv_path_install='/usr/bin/install -c'
ac_cv_prog_AWK=gawk
ac_cv_prog_CPP='gcc -E'
ac_cv_prog_CXXCPP='g++ -E'
ac_cv_prog_ac_ct_AR=ar
ac_cv_prog_ac_ct_CC=gcc
ac_cv_prog_ac_ct_CXX=g++
ac_cv_prog_ac_ct_RANLIB=ranlib
ac_cv_prog_ac_ct_STRIP=strip
ac_cv_prog_cc_g=yes
ac_cv_prog_cc_stdc=
ac_cv_prog_cxx_g=yes
ac_cv_prog_egrep='grep -E'
ac_cv_prog_f77_g=no
ac_cv_prog_make_make_set=yes
ac_cv_type__Bool=yes
ac_cv_type_pid_t=yes
ac_cv_type_size_t=yes
ac_cv_type_uid_t=yes
am_cv_CC_dependencies_compiler_type=gcc3
am_cv_CXX_dependencies_compiler_type=gcc3
lt_cv_deplibs_check_method=pass_all
lt_cv_file_magic_cmd='$MAGIC_CMD'
lt_cv_file_magic_test_file='/lib/libc.so.6 /lib/libc-2.11.1.so'
lt_cv_ld_reload_flag=-r
lt_cv_objdir=.libs
lt_cv_path_LD=/usr/bin/ld
lt_cv_path_LDCXX=/usr/bin/ld
lt_cv_path_NM='/usr/bin/nm -B'
lt_cv_path_SED=/bin/sed
lt_cv_prog_compiler_c_o=yes
lt_cv_prog_compiler_c_o_CXX=yes
lt_cv_prog_compiler_rtti_exceptions=no
lt_cv_prog_gnu_ld=yes
lt_cv_prog_gnu_ldcxx=yes
lt_cv_sys_global_symbol_pipe='sed -n -e '\''s/^.*[ 	]\([ABCDGIRSTW][ABCDGIRSTW]*\)[ 	][ 	]*\(\)\([_A-Za-z][_A-Za-z0-9]*\)$/\1 \2\3 \3/p'\'''
lt_cv_sys_global_symbol_to_c_name_address='sed -n -e '\''s/^: \([^ ]*\) $/  {\"\1\", (lt_ptr) 0},/p'\'' -e '\''s/^[BCDEGRST] \([^ ]*\) \([^ ]*\)$/  {"\2", (lt_ptr) \&\2},/p'\'''
lt_cv_sys_global_symbol_to_cdecl='sed -n -e '\''s/^. .* \(.*\)$/extern int \1;/p'\'''
lt_cv_sys_max_cmd_len=32768
lt_lt_cv_prog_compiler_c_o='"yes"'
lt_lt_cv_prog_compiler_c_o_CXX='"yes"'
lt_lt_cv_sys_global_symbol_pipe='"sed -n -e '\''s/^.*[ 	]\\([ABCDGIRSTW][ABCDGIRSTW]*\\)[ 	][ 	]*\\(\\)\\([_A-Za-z][_A-Za-z0-9]*\\)\$/\\1 \\2\\3 \\3/p'\''"'
lt_lt_cv_sys_global_symbol_to_c_name_address='"sed -n -e '\''s/^: \\([^ ]*\\) \$/  {\\\"\\1\\\", (lt_ptr) 0},/p'\'' -e '\''s/^[BCDEGRST] \\([^ ]*\\) \\([^ ]*\\)\$/  {\"\\2\", (lt_ptr) \\&\\2},/p'\''"'
lt_lt_cv_sys_global_symbol_to_cdecl='"sed -n -e '\''s/^. .* \\(.*\\)\$/extern int \\1;/p'\''"'

## ----------------- ##
## Output variables. ##
## ----------------- ##

ACLOCAL='${SHELL} /home/bhushan/Netsec/alcatraz-0.6.4/missing --run aclocal-1.9'
AMDEPBACKSLASH='\'
AMDEP_FALSE='#'
AMDEP_TRUE=''
AMTAR='${SHELL} /home/bhushan/Netsec/alcatraz-0.6.4/missing --run tar'
AR='ar'
AUTOCONF='${SHELL} /home/bhushan/Netsec/alcatraz-0.6.4/missing --run autoconf'
AUTOHEADER='${SHELL} /home/bhushan/Netsec/alcatraz-0.6.4/missing --run autoheader'
AUTOMAKE='${SHELL} /home/bhushan/Netsec/alcatraz-0.6.4/missing --run automake-1.9'
AWK='gawk'
CC='gcc'
CCDEPMODE='depmode=gcc3'
CFLAGS='-g -O2'
CPP='gcc -E'
CPPFLAGS=''
CXX='g++'
CXXCPP='g++ -E'
CXXDEPMODE='depmode=gcc3'
CXXFLAGS='-g -O2'
CYGPATH_W='echo'
DEFS='-DHAVE_CONFIG_H'
DEPDIR='.deps'
ECHO='echo'
ECHO_C=''
ECHO_N='-n'
ECHO_T=''
EGREP='grep -E'
EXEEXT=''
F77=''
FFLAGS=''
INSTALL_DATA='${INSTALL} -m 644'
INSTALL_PROGRAM='${INSTALL}'
INSTALL_SCRIPT='${INSTALL}'
INSTALL_STRIP_PROGRAM='${SHELL} $(install_sh) -c -s'
LDFLAGS=''
LIBOBJS=''
LIBS='-letrace -lssl '
LIBTOOL='$(SHELL) $(top_builddir)/libtool'
LN_S='ln -s'
LTLIBOBJS=''
MAKEINFO='${SHELL} /home/bhushan/Netsec/alcatraz-0.6.4/missing --run makeinfo'
OBJEXT='o'
PACKAGE='alcatraz'
PACKAGE_BUGREPORT='zliang@cs.stonybrook.edu'
PACKAGE_NAME='alcatraz'
PACKAGE_STRING='alcatraz 0.6.4'
PACKAGE_TARNAME='alcatraz'
PACKAGE_VERSION='0.6.4'
PATH_SEPARATOR=':'
RANLIB='ranlib'
SET_MAKE=''
SHELL='/bin/bash'
STRIP='strip'
VERSION='0.6.4'
ac_ct_AR='ar'
ac_ct_CC='gcc'
ac_ct_CXX='g++'
ac_ct_F77=''
ac_ct_RANLIB='ranlib'
ac_ct_STRIP='strip'
am__fastdepCC_FALSE='#'
am__fastdepCC_TRUE=''
am__fastdepCXX_FALSE='#'
am__fastdepCXX_TRUE=''
am__include='include'
am__leading_dot='.'
am__quote=''
am__tar='${AMTAR} chof - "$$tardir"'
am__untar='${AMTAR} xf -'
bindir='${exec_prefix}/bin'
build='i686-pc-linux-gnu'
build_alias=''
build_cpu='i686'
build_os='linux-gnu'
build_vendor='pc'
datadir='${prefix}/share'
exec_prefix='${prefix}'
host='i686-pc-linux-gnu'
host_alias=''
host_cpu='i686'
host_os='linux-gnu'
host_vendor='pc'
includedir='${prefix}/include'
infodir='${prefix}/info'
install_sh='/home/bhushan/Netsec/alcatraz-0.6.4/install-sh'
libdir='${exec_prefix}/lib'
libexecdir='${exec_prefix}/libexec'
localstatedir='${prefix}/var'
mandir='${prefix}/man'
mkdir_p='mkdir -p --'
oldincludedir='/usr/include'
prefix='/usr/local'
program_transform_name='s,x,x,'
sbindir='${exec_prefix}/sbin'
sharedstatedir='${prefix}/com'
sysconfdir='${prefix}/etc'
target_alias=''

## ----------- ##
## confdefs.h. ##
## ----------- ##

#define HAVE_BZERO 1
#define HAVE_CHOWN 1
#define HAVE_DLFCN_H 1
#define HAVE_FCNTL_H 1
#define HAVE_GETCWD 1
#define HAVE_GETHOSTBYNAME 1
#define HAVE_INTTYPES_H 1
#define HAVE_LIBETRACE 1
#define HAVE_LIBSSL 1
#define HAVE_LIMITS_H 1
#define HAVE_MALLOC 1
#define HAVE_MALLOC_H 1
#define HAVE_MEMORY_H 1
#define HAVE_MKDIR 1
#define HAVE_NETDB_H 1
#define HAVE_NETINET_IN_H 1
#define HAVE_REALLOC 1
#define HAVE_REALPATH 1
#define HAVE_RMDIR 1
#define HAVE_SOCKET 1
#define HAVE_STDBOOL_H 1
#define HAVE_STDINT_H 1
#define HAVE_STDLIB_H 1
#define HAVE_STDLIB_H 1
#define HAVE_STDLIB_H 1
#define HAVE_STDLIB_H 1
#define HAVE_STRDUP 1
#define HAVE_STRINGS_H 1
#define HAVE_STRING_H 1
#define HAVE_STRING_H 1
#define HAVE_SYS_SOCKET_H 1
#define HAVE_SYS_STAT_H 1
#define HAVE_SYS_TYPES_H 1
#define HAVE_UNISTD_H 1
#define HAVE_UNISTD_H 1
#define HAVE_UNISTD_H 1
#define HAVE__BOOL 1
#define LSTAT_FOLLOWS_SLASHED_SYMLINK 1
#define LSTAT_FOLLOWS_SLASHED_SYMLINK 1
#define PACKAGE "alcatraz"
#define PACKAGE_BUGREPORT "zliang@cs.stonybrook.edu"
#define PACKAGE_NAME "alcatraz"
#define PACKAGE_STRING "alcatraz 0.6.4"
#define PACKAGE_TARNAME "alcatraz"
#define PACKAGE_VERSION "0.6.4"
#define STDC_HEADERS 1
#define STDC_HEADERS 1
#define VERSION "0.6.4"
#define restrict __restrict
#endif
#ifdef __cplusplus
extern "C" void exit (int) throw ();

configure: exit 0
