This file contains any messages produced by compilers while
running configure, to aid debugging if configure makes a mistake.

It was created by etrace configure 0.8.2, which was
generated by GNU Autoconf 2.59.  Invocation command line was

  $ ./configure 

## --------- ##
## Platform. ##
## --------- ##

hostname = Ubuntu-Cloud
uname -m = i686
uname -r = 2.6.32-39-generic
uname -s = Linux
uname -v = #86-Ubuntu SMP Mon Feb 13 21:47:32 UTC 2012

/usr/bin/uname -p = unknown
/bin/uname -X     = unknown

/bin/arch              = unknown
/usr/bin/arch -k       = unknown
/usr/convex/getsysinfo = unknown
hostinfo               = unknown
/bin/machine           = unknown
/usr/bin/oslevel       = unknown
/bin/universe          = unknown

PATH: /usr/local/sbin
PATH: /usr/local/bin
PATH: /usr/sbin
PATH: /usr/bin
PATH: /sbin
PATH: /bin
PATH: /usr/games
PATH: /home/bhushan/Downloads/ns-allinone-2.35/bin
PATH: /home/bhushan/Downloads/ns-allinone-2.35/tcl8.5.10/unix
PATH: /home/bhushan/Downloads/ns-allinone-2.35/tk8.5.10/unix
PATH: /home/bhushan/Downloads/ns-allinone-2.35/bin
PATH: /home/bhushan/Downloads/ns-allinone-2.35/tcl8.5.10/unix
PATH: /home/bhushan/Downloads/ns-allinone-2.35/tk8.5.10/unix


## ----------- ##
## Core tests. ##
## ----------- ##

configure:1551: checking for a BSD-compatible install
configure:1606: result: /usr/bin/install -c
configure:1617: checking whether build environment is sane
configure:1660: result: yes
configure:1725: checking for gawk
configure:1741: found /usr/bin/gawk
configure:1751: result: gawk
configure:1761: checking whether make sets $(MAKE)
configure:1781: result: yes
configure:2006: checking for g++
configure:2022: found /usr/bin/g++
configure:2032: result: g++
configure:2048: checking for C++ compiler version
configure:2051: g++ --version </dev/null >&5
g++ (Ubuntu 4.4.3-4ubuntu5.1) 4.4.3
Copyright (C) 2009 Free Software Foundation, Inc.
This is free software; see the source for copying conditions.  There is NO
warranty; not even for MERCHANTABILITY or FITNESS FOR A PARTICULAR PURPOSE.

configure:2054: $? = 0
configure:2056: g++ -v </dev/null >&5
Using built-in specs.
Target: i486-linux-gnu
Configured with: ../src/configure -v --with-pkgversion='Ubuntu 4.4.3-4ubuntu5.1' --with-bugurl=file:///usr/share/doc/gcc-4.4/README.Bugs --enable-languages=c,c++,fortran,objc,obj-c++ --prefix=/usr --enable-shared --enable-multiarch --enable-linker-build-id --with-system-zlib --libexecdir=/usr/lib --without-included-gettext --enable-threads=posix --with-gxx-include-dir=/usr/include/c++/4.4 --program-suffix=-4.4 --enable-nls --enable-clocale=gnu --enable-libstdcxx-debug --enable-plugin --enable-objc-gc --enable-targets=all --disable-werror --with-arch-32=i486 --with-tune=generic --enable-checking=release --build=i486-linux-gnu --host=i486-linux-gnu --target=i486-linux-gnu
Thread model: posix
gcc version 4.4.3 (Ubuntu 4.4.3-4ubuntu5.1) 
configure:2059: $? = 0
configure:2061: g++ -V </dev/null >&5
g++: '-V' option must have argument
configure:2064: $? = 1
configure:2087: checking for C++ compiler default output file name
configure:2090: g++    conftest.cc  >&5
configure:2093: $? = 0
configure:2139: result: a.out
configure:2144: checking whether the C++ compiler works
configure:2150: ./a.out
configure:2153: $? = 0
configure:2170: result: yes
configure:2177: checking whether we are cross compiling
configure:2179: result: no
configure:2182: checking for suffix of executables
configure:2184: g++ -o conftest    conftest.cc  >&5
configure:2187: $? = 0
configure:2212: result: 
configure:2218: checking for suffix of object files
configure:2239: g++ -c   conftest.cc >&5
configure:2242: $? = 0
configure:2264: result: o
configure:2268: checking whether we are using the GNU C++ compiler
configure:2292: g++ -c   conftest.cc >&5
configure:2298: $? = 0
configure:2302: test -z 
			 || test ! -s conftest.err
configure:2305: $? = 0
configure:2308: test -s conftest.o
configure:2311: $? = 0
configure:2324: result: yes
configure:2330: checking whether g++ accepts -g
configure:2351: g++ -c -g  conftest.cc >&5
configure:2357: $? = 0
configure:2361: test -z 
			 || test ! -s conftest.err
configure:2364: $? = 0
configure:2367: test -s conftest.o
configure:2370: $? = 0
configure:2381: result: yes
configure:2423: g++ -c -g -O2  conftest.cc >&5
configure:2429: $? = 0
configure:2433: test -z 
			 || test ! -s conftest.err
configure:2436: $? = 0
configure:2439: test -s conftest.o
configure:2442: $? = 0
configure:2468: g++ -c -g -O2  conftest.cc >&5
conftest.cc: In function 'int main()':
conftest.cc:15: error: 'exit' was not declared in this scope
configure:2474: $? = 1
configure: failed program was:
| /* confdefs.h.  */
| 
| #define PACKAGE_NAME "etrace"
| #define PACKAGE_TARNAME "etrace"
| #define PACKAGE_VERSION "0.8.2"
| #define PACKAGE_STRING "etrace 0.8.2"
| #define PACKAGE_BUGREPORT "zliang@cs.stonybrook.edu"
| #define PACKAGE "etrace"
| #define VERSION "0.8.2"
| /* end confdefs.h.  */
| 
| int
| main ()
| {
| exit (42);
|   ;
|   return 0;
| }
configure:2423: g++ -c -g -O2  conftest.cc >&5
conftest.cc:11: error: 'void std::exit(int)' should have been declared inside 'std'
configure:2429: $? = 1
configure: failed program was:
| /* confdefs.h.  */
| 
| #define PACKAGE_NAME "etrace"
| #define PACKAGE_TARNAME "etrace"
| #define PACKAGE_VERSION "0.8.2"
| #define PACKAGE_STRING "etrace 0.8.2"
| #define PACKAGE_BUGREPORT "zliang@cs.stonybrook.edu"
| #define PACKAGE "etrace"
| #define VERSION "0.8.2"
| /* end confdefs.h.  */
| extern "C" void std::exit (int) throw (); using std::exit;
| #include <stdlib.h>
| int
| main ()
| {
| exit (42);
|   ;
|   return 0;
| }
configure:2423: g++ -c -g -O2  conftest.cc >&5
conftest.cc:11: error: 'void std::exit(int)' should have been declared inside 'std'
In file included from conftest.cc:12:
/usr/include/stdlib.h:543: error: declaration of 'void std::exit(int) throw ()' throws different exceptions
conftest.cc:11: error: from previous declaration 'void std::exit(int)'
configure:2429: $? = 1
configure: failed program was:
| /* confdefs.h.  */
| 
| #define PACKAGE_NAME "etrace"
| #define PACKAGE_TARNAME "etrace"
| #define PACKAGE_VERSION "0.8.2"
| #define PACKAGE_STRING "etrace 0.8.2"
| #define PACKAGE_BUGREPORT "zliang@cs.stonybrook.edu"
| #define PACKAGE "etrace"
| #define VERSION "0.8.2"
| /* end confdefs.h.  */
| extern "C" void std::exit (int); using std::exit;
| #include <stdlib.h>
| int
| main ()
| {
| exit (42);
|   ;
|   return 0;
| }
configure:2423: g++ -c -g -O2  conftest.cc >&5
configure:2429: $? = 0
configure:2433: test -z 
			 || test ! -s conftest.err
configure:2436: $? = 0
configure:2439: test -s conftest.o
configure:2442: $? = 0
configure:2468: g++ -c -g -O2  conftest.cc >&5
configure:2474: $? = 0
configure:2478: test -z 
			 || test ! -s conftest.err
configure:2481: $? = 0
configure:2484: test -s conftest.o
configure:2487: $? = 0
configure:2521: checking for style of include used by make
configure:2549: result: GNU
configure:2577: checking dependency style of g++
configure:2667: result: gcc3
configure:2730: checking for gcc
configure:2746: found /usr/bin/gcc
configure:2756: result: gcc
configure:3000: checking for C compiler version
configure:3003: gcc --version </dev/null >&5
gcc (Ubuntu 4.4.3-4ubuntu5.1) 4.4.3
Copyright (C) 2009 Free Software Foundation, Inc.
This is free software; see the source for copying conditions.  There is NO
warranty; not even for MERCHANTABILITY or FITNESS FOR A PARTICULAR PURPOSE.

configure:3006: $? = 0
configure:3008: gcc -v </dev/null >&5
Using built-in specs.
Target: i486-linux-gnu
Configured with: ../src/configure -v --with-pkgversion='Ubuntu 4.4.3-4ubuntu5.1' --with-bugurl=file:///usr/share/doc/gcc-4.4/README.Bugs --enable-languages=c,c++,fortran,objc,obj-c++ --prefix=/usr --enable-shared --enable-multiarch --enable-linker-build-id --with-system-zlib --libexecdir=/usr/lib --without-included-gettext --enable-threads=posix --with-gxx-include-dir=/usr/include/c++/4.4 --program-suffix=-4.4 --enable-nls --enable-clocale=gnu --enable-libstdcxx-debug --enable-plugin --enable-objc-gc --enable-targets=all --disable-werror --with-arch-32=i486 --with-tune=generic --enable-checking=release --build=i486-linux-gnu --host=i486-linux-gnu --target=i486-linux-gnu
Thread model: posix
gcc version 4.4.3 (Ubuntu 4.4.3-4ubuntu5.1) 
configure:3011: $? = 0
configure:3013: gcc -V </dev/null >&5
gcc: '-V' option must have argument
configure:3016: $? = 1
configure:3019: checking whether we are using the GNU C compiler
configure:3043: gcc -c   conftest.c >&5
configure:3049: $? = 0
configure:3053: test -z 
			 || test ! -s conftest.err
configure:3056: $? = 0
configure:3059: test -s conftest.o
configure:3062: $? = 0
configure:3075: result: yes
configure:3081: checking whether gcc accepts -g
configure:3102: gcc -c -g  conftest.c >&5
configure:3108: $? = 0
configure:3112: test -z 
			 || test ! -s conftest.err
configure:3115: $? = 0
configure:3118: test -s conftest.o
configure:3121: $? = 0
configure:3132: result: yes
configure:3149: checking for gcc option to accept ANSI C
configure:3219: gcc  -c -g -O2  conftest.c >&5
configure:3225: $? = 0
configure:3229: test -z 
			 || test ! -s conftest.err
configure:3232: $? = 0
configure:3235: test -s conftest.o
configure:3238: $? = 0
configure:3256: result: none needed
configure:3274: gcc -c -g -O2  conftest.c >&5
conftest.c:2: error: expected '=', ',', ';', 'asm' or '__attribute__' before 'me'
configure:3280: $? = 1
configure: failed program was:
| #ifndef __cplusplus
|   choke me
| #endif
configure:3415: checking dependency style of gcc
configure:3505: result: gcc3
configure:3600: checking build system type
configure:3618: result: i686-pc-linux-gnu
configure:3626: checking host system type
configure:3640: result: i686-pc-linux-gnu
configure:3648: checking for a sed that does not truncate output
configure:3702: result: /bin/sed
configure:3705: checking for egrep
configure:3715: result: grep -E
configure:3731: checking for ld used by gcc
configure:3798: result: /usr/bin/ld
configure:3807: checking if the linker (/usr/bin/ld) is GNU ld
configure:3822: result: yes
configure:3827: checking for /usr/bin/ld option to reload object files
configure:3834: result: -r
configure:3843: checking for BSD-compatible nm
configure:3885: result: /usr/bin/nm -B
configure:3889: checking whether ln -s works
configure:3893: result: yes
configure:3900: checking how to recognise dependent libraries
configure:4083: result: pass_all
configure:4297: checking how to run the C preprocessor
configure:4332: gcc -E  conftest.c
configure:4338: $? = 0
configure:4370: gcc -E  conftest.c
conftest.c:14:28: error: ac_nonexistent.h: No such file or directory
configure:4376: $? = 1
configure: failed program was:
| /* confdefs.h.  */
| 
| #define PACKAGE_NAME "etrace"
| #define PACKAGE_TARNAME "etrace"
| #define PACKAGE_VERSION "0.8.2"
| #define PACKAGE_STRING "etrace 0.8.2"
| #define PACKAGE_BUGREPORT "zliang@cs.stonybrook.edu"
| #define PACKAGE "etrace"
| #define VERSION "0.8.2"
| #ifdef __cplusplus
| extern "C" void exit (int) throw ();
| #endif
| /* end confdefs.h.  */
| #include <ac_nonexistent.h>
configure:4415: result: gcc -E
configure:4439: gcc -E  conftest.c
configure:4445: $? = 0
configure:4477: gcc -E  conftest.c
conftest.c:14:28: error: ac_nonexistent.h: No such file or directory
configure:4483: $? = 1
configure: failed program was:
| /* confdefs.h.  */
| 
| #define PACKAGE_NAME "etrace"
| #define PACKAGE_TARNAME "etrace"
| #define PACKAGE_VERSION "0.8.2"
| #define PACKAGE_STRING "etrace 0.8.2"
| #define PACKAGE_BUGREPORT "zliang@cs.stonybrook.edu"
| #define PACKAGE "etrace"
| #define VERSION "0.8.2"
| #ifdef __cplusplus
| extern "C" void exit (int) throw ();
| #endif
| /* end confdefs.h.  */
| #include <ac_nonexistent.h>
configure:4527: checking for ANSI C header files
configure:4552: gcc -c -g -O2  conftest.c >&5
configure:4558: $? = 0
configure:4562: test -z 
			 || test ! -s conftest.err
configure:4565: $? = 0
configure:4568: test -s conftest.o
configure:4571: $? = 0
configure:4660: gcc -o conftest -g -O2   conftest.c  >&5
conftest.c: In function 'main':
conftest.c:31: warning: incompatible implicit declaration of built-in function 'exit'
configure:4663: $? = 0
configure:4665: ./conftest
configure:4668: $? = 0
configure:4683: result: yes
configure:4707: checking for sys/types.h
configure:4723: gcc -c -g -O2  conftest.c >&5
configure:4729: $? = 0
configure:4733: test -z 
			 || test ! -s conftest.err
configure:4736: $? = 0
configure:4739: test -s conftest.o
configure:4742: $? = 0
configure:4753: result: yes
configure:4707: checking for sys/stat.h
configure:4723: gcc -c -g -O2  conftest.c >&5
configure:4729: $? = 0
configure:4733: test -z 
			 || test ! -s conftest.err
configure:4736: $? = 0
configure:4739: test -s conftest.o
configure:4742: $? = 0
configure:4753: result: yes
configure:4707: checking for stdlib.h
configure:4723: gcc -c -g -O2  conftest.c >&5
configure:4729: $? = 0
configure:4733: test -z 
			 || test ! -s conftest.err
configure:4736: $? = 0
configure:4739: test -s conftest.o
configure:4742: $? = 0
configure:4753: result: yes
configure:4707: checking for string.h
configure:4723: gcc -c -g -O2  conftest.c >&5
configure:4729: $? = 0
configure:4733: test -z 
			 || test ! -s conftest.err
configure:4736: $? = 0
configure:4739: test -s conftest.o
configure:4742: $? = 0
configure:4753: result: yes
configure:4707: checking for memory.h
configure:4723: gcc -c -g -O2  conftest.c >&5
configure:4729: $? = 0
configure:4733: test -z 
			 || test ! -s conftest.err
configure:4736: $? = 0
configure:4739: test -s conftest.o
configure:4742: $? = 0
configure:4753: result: yes
configure:4707: checking for strings.h
configure:4723: gcc -c -g -O2  conftest.c >&5
configure:4729: $? = 0
configure:4733: test -z 
			 || test ! -s conftest.err
configure:4736: $? = 0
configure:4739: test -s conftest.o
configure:4742: $? = 0
configure:4753: result: yes
configure:4707: checking for inttypes.h
configure:4723: gcc -c -g -O2  conftest.c >&5
configure:4729: $? = 0
configure:4733: test -z 
			 || test ! -s conftest.err
configure:4736: $? = 0
configure:4739: test -s conftest.o
configure:4742: $? = 0
configure:4753: result: yes
configure:4707: checking for stdint.h
configure:4723: gcc -c -g -O2  conftest.c >&5
configure:4729: $? = 0
configure:4733: test -z 
			 || test ! -s conftest.err
configure:4736: $? = 0
configure:4739: test -s conftest.o
configure:4742: $? = 0
configure:4753: result: yes
configure:4707: checking for unistd.h
configure:4723: gcc -c -g -O2  conftest.c >&5
configure:4729: $? = 0
configure:4733: test -z 
			 || test ! -s conftest.err
configure:4736: $? = 0
configure:4739: test -s conftest.o
configure:4742: $? = 0
configure:4753: result: yes
configure:4779: checking dlfcn.h usability
configure:4791: gcc -c -g -O2  conftest.c >&5
configure:4797: $? = 0
configure:4801: test -z 
			 || test ! -s conftest.err
configure:4804: $? = 0
configure:4807: test -s conftest.o
configure:4810: $? = 0
configure:4820: result: yes
configure:4824: checking dlfcn.h presence
configure:4834: gcc -E  conftest.c
configure:4840: $? = 0
configure:4860: result: yes
configure:4895: checking for dlfcn.h
configure:4902: result: yes
configure:4920: checking how to run the C++ preprocessor
configure:4951: g++ -E  conftest.cc
configure:4957: $? = 0
configure:4989: g++ -E  conftest.cc
conftest.cc:25:28: error: ac_nonexistent.h: No such file or directory
configure:4995: $? = 1
configure: failed program was:
| /* confdefs.h.  */
| 
| #define PACKAGE_NAME "etrace"
| #define PACKAGE_TARNAME "etrace"
| #define PACKAGE_VERSION "0.8.2"
| #define PACKAGE_STRING "etrace 0.8.2"
| #define PACKAGE_BUGREPORT "zliang@cs.stonybrook.edu"
| #define PACKAGE "etrace"
| #define VERSION "0.8.2"
| #ifdef __cplusplus
| extern "C" void exit (int) throw ();
| #endif
| #define STDC_HEADERS 1
| #define HAVE_SYS_TYPES_H 1
| #define HAVE_SYS_STAT_H 1
| #define HAVE_STDLIB_H 1
| #define HAVE_STRING_H 1
| #define HAVE_MEMORY_H 1
| #define HAVE_STRINGS_H 1
| #define HAVE_INTTYPES_H 1
| #define HAVE_STDINT_H 1
| #define HAVE_UNISTD_H 1
| #define HAVE_DLFCN_H 1
| /* end confdefs.h.  */
| #include <ac_nonexistent.h>
configure:5034: result: g++ -E
configure:5058: g++ -E  conftest.cc
configure:5064: $? = 0
configure:5096: g++ -E  conftest.cc
conftest.cc:25:28: error: ac_nonexistent.h: No such file or directory
configure:5102: $? = 1
configure: failed program was:
| /* confdefs.h.  */
| 
| #define PACKAGE_NAME "etrace"
| #define PACKAGE_TARNAME "etrace"
| #define PACKAGE_VERSION "0.8.2"
| #define PACKAGE_STRING "etrace 0.8.2"
| #define PACKAGE_BUGREPORT "zliang@cs.stonybrook.edu"
| #define PACKAGE "etrace"
| #define VERSION "0.8.2"
| #ifdef __cplusplus
| extern "C" void exit (int) throw ();
| #endif
| #define STDC_HEADERS 1
| #define HAVE_SYS_TYPES_H 1
| #define HAVE_SYS_STAT_H 1
| #define HAVE_STDLIB_H 1
| #define HAVE_STRING_H 1
| #define HAVE_MEMORY_H 1
| #define HAVE_STRINGS_H 1
| #define HAVE_INTTYPES_H 1
| #define HAVE_STDINT_H 1
| #define HAVE_UNISTD_H 1
| #define HAVE_DLFCN_H 1
| /* end confdefs.h.  */
| #include <ac_nonexistent.h>
configure:5197: checking for g77
configure:5226: result: no
configure:5197: checking for f77
configure:5226: result: no
configure:5197: checking for xlf
configure:5226: result: no
configure:5197: checking for frt
configure:5226: result: no
configure:5197: checking for pgf77
configure:5226: result: no
configure:5197: checking for fort77
configure:5226: result: no
configure:5197: checking for fl32
configure:5226: result: no
configure:5197: checking for af77
configure:5226: result: no
configure:5197: checking for f90
configure:5226: result: no
configure:5197: checking for xlf90
configure:5226: result: no
configure:5197: checking for pgf90
configure:5226: result: no
configure:5197: checking for epcf90
configure:5226: result: no
configure:5197: checking for f95
configure:5226: result: no
configure:5197: checking for fort
configure:5226: result: no
configure:5197: checking for xlf95
configure:5226: result: no
configure:5197: checking for ifc
configure:5226: result: no
configure:5197: checking for efc
configure:5226: result: no
configure:5197: checking for pgf95
configure:5226: result: no
configure:5197: checking for lf95
configure:5226: result: no
configure:5197: checking for gfortran
configure:5226: result: no
configure:5238: checking for Fortran 77 compiler version
configure:5241:  --version </dev/null >&5
./configure: line 5242: --version: command not found
configure:5244: $? = 127
configure:5246:  -v </dev/null >&5
./configure: line 5247: -v: command not found
configure:5249: $? = 127
configure:5251:  -V </dev/null >&5
./configure: line 5252: -V: command not found
configure:5254: $? = 127
configure:5262: checking whether we are using the GNU Fortran 77 compiler
configure:5276:  -c  conftest.F >&5
./configure: line 5277: -c: command not found
configure:5282: $? = 127
configure: failed program was:
|       program main
| #ifndef __GNUC__
|        choke me
| #endif
| 
|       end
configure:5308: result: no
configure:5314: checking whether  accepts -g
configure:5326:  -c -g conftest.f >&5
./configure: line 5327: -c: command not found
configure:5332: $? = 127
configure: failed program was:
|       program main
| 
|       end
configure:5357: result: no
configure:5387: checking the maximum length of command line arguments
configure:5452: result: 32768
configure:5463: checking command to parse /usr/bin/nm -B output from gcc object
configure:5552: gcc -c -g -O2  conftest.c >&5
configure:5555: $? = 0
configure:5559: /usr/bin/nm -B conftest.o \| sed -n -e 's/^.*[ 	]\([ABCDGIRSTW][ABCDGIRSTW]*\)[ 	][ 	]*\(\)\([_A-Za-z][_A-Za-z0-9]*\)$/\1 \2\3 \3/p' \> conftest.nm
configure:5562: $? = 0
configure:5614: gcc -o conftest -g -O2   conftest.c conftstm.o >&5
configure:5617: $? = 0
configure:5655: result: ok
configure:5659: checking for objdir
configure:5674: result: .libs
configure:5764: checking for ar
configure:5780: found /usr/bin/ar
configure:5791: result: ar
configure:5844: checking for ranlib
configure:5860: found /usr/bin/ranlib
configure:5871: result: ranlib
configure:5924: checking for strip
configure:5940: found /usr/bin/strip
configure:5951: result: strip
configure:6213: checking if gcc static flag  works
configure:6236: result: yes
configure:6254: checking if gcc supports -fno-rtti -fno-exceptions
configure:6272: gcc -c -g -O2  -fno-rtti -fno-exceptions conftest.c >&5
cc1: warning: command line option "-fno-rtti" is valid for C++/ObjC++ but not for C
configure:6276: $? = 0
configure:6287: result: no
configure:6302: checking for gcc option to produce PIC
configure:6479: result: -fPIC
configure:6487: checking if gcc PIC flag -fPIC works
configure:6505: gcc -c -g -O2  -fPIC -DPIC conftest.c >&5
configure:6509: $? = 0
configure:6520: result: yes
configure:6544: checking if gcc supports -c -o file.o
configure:6565: gcc -c -g -O2  -o out/conftest2.o conftest.c >&5
configure:6569: $? = 0
configure:6589: result: yes
configure:6615: checking whether the gcc linker (/usr/bin/ld) supports shared libraries
configure:7463: result: yes
configure:7489: checking whether -lc should be explicitly linked in
configure:7494: gcc -c -g -O2  conftest.c >&5
configure:7497: $? = 0
configure:7511: gcc -shared conftest.o  -v -Wl,-soname -Wl,conftest -o conftest 2\>\&1 \| grep  -lc  \>/dev/null 2\>\&1
configure:7514: $? = 0
configure:7526: result: no
configure:7534: checking dynamic linker characteristics
configure:8095: result: GNU/Linux ld.so
configure:8099: checking how to hardcode library paths into programs
configure:8124: result: immediate
configure:8138: checking whether stripping libraries is possible
configure:8143: result: yes
configure:8973: checking if libtool supports shared libraries
configure:8975: result: yes
configure:8978: checking whether to build shared libraries
configure:9036: result: yes
configure:9039: checking whether to build static libraries
configure:9043: result: yes
configure:9135: creating libtool
configure:9682: checking for ld used by g++
configure:9749: result: /usr/bin/ld
configure:9758: checking if the linker (/usr/bin/ld) is GNU ld
configure:9773: result: yes
configure:9824: checking whether the g++ linker (/usr/bin/ld) supports shared libraries
configure:10652: result: yes
configure:10670: g++ -c -g -O2  conftest.cc >&5
configure:10673: $? = 0
configure:10769: checking for g++ option to produce PIC
configure:11021: result: -fPIC
configure:11029: checking if g++ PIC flag -fPIC works
configure:11047: g++ -c -g -O2  -fPIC -DPIC conftest.cc >&5
configure:11051: $? = 0
configure:11062: result: yes
configure:11086: checking if g++ supports -c -o file.o
configure:11107: g++ -c -g -O2  -o out/conftest2.o conftest.cc >&5
configure:11111: $? = 0
configure:11131: result: yes
configure:11157: checking whether the g++ linker (/usr/bin/ld) supports shared libraries
configure:11182: result: yes
configure:11253: checking dynamic linker characteristics
configure:11814: result: GNU/Linux ld.so
configure:11818: checking how to hardcode library paths into programs
configure:11843: result: immediate
configure:11857: checking whether stripping libraries is possible
configure:11862: result: yes
configure:19143: checking for main in -ldl
configure:19167: gcc -o conftest -g -O2   conftest.c -ldl   >&5
configure:19173: $? = 0
configure:19177: test -z 
			 || test ! -s conftest.err
configure:19180: $? = 0
configure:19183: test -s conftest
configure:19186: $? = 0
configure:19199: result: yes
configure:19212: checking for ANSI C header files
configure:19368: result: yes
configure:19378: checking for sys/wait.h that is POSIX.1 compatible
configure:19409: gcc -c -g -O2  conftest.c >&5
configure:19415: $? = 0
configure:19419: test -z 
			 || test ! -s conftest.err
configure:19422: $? = 0
configure:19425: test -s conftest.o
configure:19428: $? = 0
configure:19439: result: yes
configure:19475: checking arpa/inet.h usability
configure:19487: gcc -c -g -O2  conftest.c >&5
configure:19493: $? = 0
configure:19497: test -z 
			 || test ! -s conftest.err
configure:19500: $? = 0
configure:19503: test -s conftest.o
configure:19506: $? = 0
configure:19516: result: yes
configure:19520: checking arpa/inet.h presence
configure:19530: gcc -E  conftest.c
configure:19536: $? = 0
configure:19556: result: yes
configure:19591: checking for arpa/inet.h
configure:19598: result: yes
configure:19475: checking fcntl.h usability
configure:19487: gcc -c -g -O2  conftest.c >&5
configure:19493: $? = 0
configure:19497: test -z 
			 || test ! -s conftest.err
configure:19500: $? = 0
configure:19503: test -s conftest.o
configure:19506: $? = 0
configure:19516: result: yes
configure:19520: checking fcntl.h presence
configure:19530: gcc -E  conftest.c
configure:19536: $? = 0
configure:19556: result: yes
configure:19591: checking for fcntl.h
configure:19598: result: yes
configure:19475: checking limits.h usability
configure:19487: gcc -c -g -O2  conftest.c >&5
configure:19493: $? = 0
configure:19497: test -z 
			 || test ! -s conftest.err
configure:19500: $? = 0
configure:19503: test -s conftest.o
configure:19506: $? = 0
configure:19516: result: yes
configure:19520: checking limits.h presence
configure:19530: gcc -E  conftest.c
configure:19536: $? = 0
configure:19556: result: yes
configure:19591: checking for limits.h
configure:19598: result: yes
configure:19475: checking malloc.h usability
configure:19487: gcc -c -g -O2  conftest.c >&5
configure:19493: $? = 0
configure:19497: test -z 
			 || test ! -s conftest.err
configure:19500: $? = 0
configure:19503: test -s conftest.o
configure:19506: $? = 0
configure:19516: result: yes
configure:19520: checking malloc.h presence
configure:19530: gcc -E  conftest.c
configure:19536: $? = 0
configure:19556: result: yes
configure:19591: checking for malloc.h
configure:19598: result: yes
configure:19475: checking netinet/in.h usability
configure:19487: gcc -c -g -O2  conftest.c >&5
configure:19493: $? = 0
configure:19497: test -z 
			 || test ! -s conftest.err
configure:19500: $? = 0
configure:19503: test -s conftest.o
configure:19506: $? = 0
configure:19516: result: yes
configure:19520: checking netinet/in.h presence
configure:19530: gcc -E  conftest.c
configure:19536: $? = 0
configure:19556: result: yes
configure:19591: checking for netinet/in.h
configure:19598: result: yes
configure:19466: checking for stdlib.h
configure:19471: result: yes
configure:19466: checking for string.h
configure:19471: result: yes
configure:19475: checking sys/file.h usability
configure:19487: gcc -c -g -O2  conftest.c >&5
configure:19493: $? = 0
configure:19497: test -z 
			 || test ! -s conftest.err
configure:19500: $? = 0
configure:19503: test -s conftest.o
configure:19506: $? = 0
configure:19516: result: yes
configure:19520: checking sys/file.h presence
configure:19530: gcc -E  conftest.c
configure:19536: $? = 0
configure:19556: result: yes
configure:19591: checking for sys/file.h
configure:19598: result: yes
configure:19475: checking sys/socket.h usability
configure:19487: gcc -c -g -O2  conftest.c >&5
configure:19493: $? = 0
configure:19497: test -z 
			 || test ! -s conftest.err
configure:19500: $? = 0
configure:19503: test -s conftest.o
configure:19506: $? = 0
configure:19516: result: yes
configure:19520: checking sys/socket.h presence
configure:19530: gcc -E  conftest.c
configure:19536: $? = 0
configure:19556: result: yes
configure:19591: checking for sys/socket.h
configure:19598: result: yes
configure:19475: checking sys/time.h usability
configure:19487: gcc -c -g -O2  conftest.c >&5
configure:19493: $? = 0
configure:19497: test -z 
			 || test ! -s conftest.err
configure:19500: $? = 0
configure:19503: test -s conftest.o
configure:19506: $? = 0
configure:19516: result: yes
configure:19520: checking sys/time.h presence
configure:19530: gcc -E  conftest.c
configure:19536: $? = 0
configure:19556: result: yes
configure:19591: checking for sys/time.h
configure:19598: result: yes
configure:19475: checking sys/vfs.h usability
configure:19487: gcc -c -g -O2  conftest.c >&5
configure:19493: $? = 0
configure:19497: test -z 
			 || test ! -s conftest.err
configure:19500: $? = 0
configure:19503: test -s conftest.o
configure:19506: $? = 0
configure:19516: result: yes
configure:19520: checking sys/vfs.h presence
configure:19530: gcc -E  conftest.c
configure:19536: $? = 0
configure:19556: result: yes
configure:19591: checking for sys/vfs.h
configure:19598: result: yes
configure:19466: checking for unistd.h
configure:19471: result: yes
configure:19475: checking utime.h usability
configure:19487: gcc -c -g -O2  conftest.c >&5
configure:19493: $? = 0
configure:19497: test -z 
			 || test ! -s conftest.err
configure:19500: $? = 0
configure:19503: test -s conftest.o
configure:19506: $? = 0
configure:19516: result: yes
configure:19520: checking utime.h presence
configure:19530: gcc -E  conftest.c
configure:19536: $? = 0
configure:19556: result: yes
configure:19591: checking for utime.h
configure:19598: result: yes
configure:19613: checking for stdbool.h that conforms to C99
configure:19666: gcc -c -g -O2  conftest.c >&5
configure:19672: $? = 0
configure:19676: test -z 
			 || test ! -s conftest.err
configure:19679: $? = 0
configure:19682: test -s conftest.o
configure:19685: $? = 0
configure:19696: result: yes
configure:19698: checking for _Bool
configure:19722: gcc -c -g -O2  conftest.c >&5
configure:19728: $? = 0
configure:19732: test -z 
			 || test ! -s conftest.err
configure:19735: $? = 0
configure:19738: test -s conftest.o
configure:19741: $? = 0
configure:19752: result: yes
configure:19771: checking for an ANSI C-conforming const
configure:19838: gcc -c -g -O2  conftest.c >&5
configure:19844: $? = 0
configure:19848: test -z 
			 || test ! -s conftest.err
configure:19851: $? = 0
configure:19854: test -s conftest.o
configure:19857: $? = 0
configure:19868: result: yes
configure:19878: checking for uid_t in sys/types.h
configure:19901: result: yes
configure:19916: checking for inline
configure:19937: gcc -c -g -O2  conftest.c >&5
configure:19943: $? = 0
configure:19947: test -z 
			 || test ! -s conftest.err
configure:19950: $? = 0
configure:19953: test -s conftest.o
configure:19956: $? = 0
configure:19968: result: inline
configure:19987: checking for mode_t
configure:20011: gcc -c -g -O2  conftest.c >&5
configure:20017: $? = 0
configure:20021: test -z 
			 || test ! -s conftest.err
configure:20024: $? = 0
configure:20027: test -s conftest.o
configure:20030: $? = 0
configure:20041: result: yes
configure:20053: checking for off_t
configure:20077: gcc -c -g -O2  conftest.c >&5
configure:20083: $? = 0
configure:20087: test -z 
			 || test ! -s conftest.err
configure:20090: $? = 0
configure:20093: test -s conftest.o
configure:20096: $? = 0
configure:20107: result: yes
configure:20119: checking for pid_t
configure:20143: gcc -c -g -O2  conftest.c >&5
configure:20149: $? = 0
configure:20153: test -z 
			 || test ! -s conftest.err
configure:20156: $? = 0
configure:20159: test -s conftest.o
configure:20162: $? = 0
configure:20173: result: yes
configure:20185: checking for size_t
configure:20209: gcc -c -g -O2  conftest.c >&5
configure:20215: $? = 0
configure:20219: test -z 
			 || test ! -s conftest.err
configure:20222: $? = 0
configure:20225: test -s conftest.o
configure:20228: $? = 0
configure:20239: result: yes
configure:20251: checking whether time.h and sys/time.h may both be included
configure:20276: gcc -c -g -O2  conftest.c >&5
configure:20282: $? = 0
configure:20286: test -z 
			 || test ! -s conftest.err
configure:20289: $? = 0
configure:20292: test -s conftest.o
configure:20295: $? = 0
configure:20306: result: yes
configure:20324: checking for unistd.h
configure:20329: result: yes
configure:20333: checking vfork.h usability
configure:20345: gcc -c -g -O2  conftest.c >&5
conftest.c:79:19: error: vfork.h: No such file or directory
configure:20351: $? = 1
configure: failed program was:
| /* confdefs.h.  */
| 
| #define PACKAGE_NAME "etrace"
| #define PACKAGE_TARNAME "etrace"
| #define PACKAGE_VERSION "0.8.2"
| #define PACKAGE_STRING "etrace 0.8.2"
| #define PACKAGE_BUGREPORT "zliang@cs.stonybrook.edu"
| #define PACKAGE "etrace"
| #define VERSION "0.8.2"
| #ifdef __cplusplus
| extern "C" void exit (int) throw ();
| #endif
| #define STDC_HEADERS 1
| #define HAVE_SYS_TYPES_H 1
| #define HAVE_SYS_STAT_H 1
| #define HAVE_STDLIB_H 1
| #define HAVE_STRING_H 1
| #define HAVE_MEMORY_H 1
| #define HAVE_STRINGS_H 1
| #define HAVE_INTTYPES_H 1
| #define HAVE_STDINT_H 1
| #define HAVE_UNISTD_H 1
| #define HAVE_DLFCN_H 1
| #define HAVE_LIBDL 1
| #define STDC_HEADERS 1
| #define HAVE_SYS_WAIT_H 1
| #define HAVE_ARPA_INET_H 1
| #define HAVE_FCNTL_H 1
| #define HAVE_LIMITS_H 1
| #define HAVE_MALLOC_H 1
| #define HAVE_NETINET_IN_H 1
| #define HAVE_STDLIB_H 1
| #define HAVE_STRING_H 1
| #define HAVE_SYS_FILE_H 1
| #define HAVE_SYS_SOCKET_H 1
| #define HAVE_SYS_TIME_H 1
| #define HAVE_SYS_VFS_H 1
| #define HAVE_UNISTD_H 1
| #define HAVE_UTIME_H 1
| #define HAVE__BOOL 1
| #define HAVE_STDBOOL_H 1
| #define TIME_WITH_SYS_TIME 1
| #define HAVE_UNISTD_H 1
| /* end confdefs.h.  */
| #include <stdio.h>
| #if HAVE_SYS_TYPES_H
| # include <sys/types.h>
| #endif
| #if HAVE_SYS_STAT_H
| # include <sys/stat.h>
| #endif
| #if STDC_HEADERS
| # include <stdlib.h>
| # include <stddef.h>
| #else
| # if HAVE_STDLIB_H
| #  include <stdlib.h>
| # endif
| #endif
| #if HAVE_STRING_H
| # if !STDC_HEADERS && HAVE_MEMORY_H
| #  include <memory.h>
| # endif
| # include <string.h>
| #endif
| #if HAVE_STRINGS_H
| # include <strings.h>
| #endif
| #if HAVE_INTTYPES_H
| # include <inttypes.h>
| #else
| # if HAVE_STDINT_H
| #  include <stdint.h>
| # endif
| #endif
| #if HAVE_UNISTD_H
| # include <unistd.h>
| #endif
| #include <vfork.h>
configure:20374: result: no
configure:20378: checking vfork.h presence
configure:20388: gcc -E  conftest.c
conftest.c:45:19: error: vfork.h: No such file or directory
configure:20394: $? = 1
configure: failed program was:
| /* confdefs.h.  */
| 
| #define PACKAGE_NAME "etrace"
| #define PACKAGE_TARNAME "etrace"
| #define PACKAGE_VERSION "0.8.2"
| #define PACKAGE_STRING "etrace 0.8.2"
| #define PACKAGE_BUGREPORT "zliang@cs.stonybrook.edu"
| #define PACKAGE "etrace"
| #define VERSION "0.8.2"
| #ifdef __cplusplus
| extern "C" void exit (int) throw ();
| #endif
| #define STDC_HEADERS 1
| #define HAVE_SYS_TYPES_H 1
| #define HAVE_SYS_STAT_H 1
| #define HAVE_STDLIB_H 1
| #define HAVE_STRING_H 1
| #define HAVE_MEMORY_H 1
| #define HAVE_STRINGS_H 1
| #define HAVE_INTTYPES_H 1
| #define HAVE_STDINT_H 1
| #define HAVE_UNISTD_H 1
| #define HAVE_DLFCN_H 1
| #define HAVE_LIBDL 1
| #define STDC_HEADERS 1
| #define HAVE_SYS_WAIT_H 1
| #define HAVE_ARPA_INET_H 1
| #define HAVE_FCNTL_H 1
| #define HAVE_LIMITS_H 1
| #define HAVE_MALLOC_H 1
| #define HAVE_NETINET_IN_H 1
| #define HAVE_STDLIB_H 1
| #define HAVE_STRING_H 1
| #define HAVE_SYS_FILE_H 1
| #define HAVE_SYS_SOCKET_H 1
| #define HAVE_SYS_TIME_H 1
| #define HAVE_SYS_VFS_H 1
| #define HAVE_UNISTD_H 1
| #define HAVE_UTIME_H 1
| #define HAVE__BOOL 1
| #define HAVE_STDBOOL_H 1
| #define TIME_WITH_SYS_TIME 1
| #define HAVE_UNISTD_H 1
| /* end confdefs.h.  */
| #include <vfork.h>
configure:20414: result: no
configure:20449: checking for vfork.h
configure:20456: result: no
configure:20474: checking for fork
configure:20531: gcc -o conftest -g -O2   conftest.c -ldl  >&5
conftest.c:69: warning: conflicting types for built-in function 'fork'
configure:20537: $? = 0
configure:20541: test -z 
			 || test ! -s conftest.err
configure:20544: $? = 0
configure:20547: test -s conftest
configure:20550: $? = 0
configure:20562: result: yes
configure:20474: checking for vfork
configure:20531: gcc -o conftest -g -O2   conftest.c -ldl  >&5
configure:20537: $? = 0
configure:20541: test -z 
			 || test ! -s conftest.err
configure:20544: $? = 0
configure:20547: test -s conftest
configure:20550: $? = 0
configure:20562: result: yes
configure:20573: checking for working fork
configure:20596: gcc -o conftest -g -O2   conftest.c -ldl  >&5
conftest.c: In function 'main':
conftest.c:10: warning: incompatible implicit declaration of built-in function 'exit'
configure:20599: $? = 0
configure:20601: ./conftest
configure:20604: $? = 0
configure:20618: result: yes
configure:20639: checking for working vfork
configure:20772: result: yes
configure:20808: checking for stdlib.h
configure:20813: result: yes
configure:20953: checking for GNU libc compatible realloc
configure:20982: gcc -o conftest -g -O2   conftest.c -ldl  >&5
configure:20985: $? = 0
configure:20987: ./conftest
configure:20990: $? = 0
configure:21004: result: yes
configure:21034: checking return type of signal handlers
configure:21065: gcc -c -g -O2  conftest.c >&5
configure:21071: $? = 0
configure:21075: test -z 
			 || test ! -s conftest.err
configure:21078: $? = 0
configure:21081: test -s conftest.o
configure:21084: $? = 0
configure:21095: result: void
configure:21111: checking for getcwd
configure:21168: gcc -o conftest -g -O2   conftest.c -ldl  >&5
configure:21174: $? = 0
configure:21178: test -z 
			 || test ! -s conftest.err
configure:21181: $? = 0
configure:21184: test -s conftest
configure:21187: $? = 0
configure:21199: result: yes
configure:21111: checking for inet_ntoa
configure:21168: gcc -o conftest -g -O2   conftest.c -ldl  >&5
configure:21174: $? = 0
configure:21178: test -z 
			 || test ! -s conftest.err
configure:21181: $? = 0
configure:21184: test -s conftest
configure:21187: $? = 0
configure:21199: result: yes
configure:21111: checking for realpath
configure:21168: gcc -o conftest -g -O2   conftest.c -ldl  >&5
configure:21174: $? = 0
configure:21178: test -z 
			 || test ! -s conftest.err
configure:21181: $? = 0
configure:21184: test -s conftest
configure:21187: $? = 0
configure:21199: result: yes
configure:21111: checking for strchr
configure:21168: gcc -o conftest -g -O2   conftest.c -ldl  >&5
conftest.c:79: warning: conflicting types for built-in function 'strchr'
configure:21174: $? = 0
configure:21178: test -z 
			 || test ! -s conftest.err
configure:21181: $? = 0
configure:21184: test -s conftest
configure:21187: $? = 0
configure:21199: result: yes
configure:21111: checking for strerror
configure:21168: gcc -o conftest -g -O2   conftest.c -ldl  >&5
configure:21174: $? = 0
configure:21178: test -z 
			 || test ! -s conftest.err
configure:21181: $? = 0
configure:21184: test -s conftest
configure:21187: $? = 0
configure:21199: result: yes
configure:21328: creating ./config.status

## ---------------------- ##
## Running config.status. ##
## ---------------------- ##

This file was extended by etrace config.status 0.8.2, which was
generated by GNU Autoconf 2.59.  Invocation command line was

  CONFIG_FILES    = 
  CONFIG_HEADERS  = 
  CONFIG_LINKS    = 
  CONFIG_COMMANDS = 
  $ ./config.status 

on Ubuntu-Cloud

config.status:716: creating Makefile
config.status:716: creating libetrace/Makefile
config.status:716: creating src/Makefile
config.status:820: creating config.h
config.status:1010: config.h is unchanged
config.status:1190: executing depfiles commands

## ---------------- ##
## Cache variables. ##
## ---------------- ##

ac_cv_build=i686-pc-linux-gnu
ac_cv_build_alias=i686-pc-linux-gnu
ac_cv_c_compiler_gnu=yes
ac_cv_c_const=yes
ac_cv_c_inline=inline
ac_cv_cxx_compiler_gnu=yes
ac_cv_env_CC_set=
ac_cv_env_CC_value=
ac_cv_env_CFLAGS_set=
ac_cv_env_CFLAGS_value=
ac_cv_env_CPPFLAGS_set=
ac_cv_env_CPPFLAGS_value=
ac_cv_env_CPP_set=
ac_cv_env_CPP_value=
ac_cv_env_CXXCPP_set=
ac_cv_env_CXXCPP_value=
ac_cv_env_CXXFLAGS_set=
ac_cv_env_CXXFLAGS_value=
ac_cv_env_CXX_set=
ac_cv_env_CXX_value=
ac_cv_env_F77_set=
ac_cv_env_F77_value=
ac_cv_env_FFLAGS_set=
ac_cv_env_FFLAGS_value=
ac_cv_env_LDFLAGS_set=
ac_cv_env_LDFLAGS_value=
ac_cv_env_build_alias_set=
ac_cv_env_build_alias_value=
ac_cv_env_host_alias_set=
ac_cv_env_host_alias_value=
ac_cv_env_target_alias_set=
ac_cv_env_target_alias_value=
ac_cv_exeext=
ac_cv_f77_compiler_gnu=no
ac_cv_func_fork=yes
ac_cv_func_fork_works=yes
ac_cv_func_getcwd=yes
ac_cv_func_inet_ntoa=yes
ac_cv_func_realloc_0_nonnull=yes
ac_cv_func_realpath=yes
ac_cv_func_strchr=yes
ac_cv_func_strerror=yes
ac_cv_func_vfork=yes
ac_cv_func_vfork_works=yes
ac_cv_header_arpa_inet_h=yes
ac_cv_header_dlfcn_h=yes
ac_cv_header_fcntl_h=yes
ac_cv_header_inttypes_h=yes
ac_cv_header_limits_h=yes
ac_cv_header_malloc_h=yes
ac_cv_header_memory_h=yes
ac_cv_header_netinet_in_h=yes
ac_cv_header_stdbool_h=yes
ac_cv_header_stdc=yes
ac_cv_header_stdint_h=yes
ac_cv_header_stdlib_h=yes
ac_cv_header_string_h=yes
ac_cv_header_strings_h=yes
ac_cv_header_sys_file_h=yes
ac_cv_header_sys_socket_h=yes
ac_cv_header_sys_stat_h=yes
ac_cv_header_sys_time_h=yes
ac_cv_header_sys_types_h=yes
ac_cv_header_sys_vfs_h=yes
ac_cv_header_sys_wait_h=yes
ac_cv_header_time=yes
ac_cv_header_unistd_h=yes
ac_cv_header_utime_h=yes
ac_cv_header_vfork_h=no
ac_cv_host=i686-pc-linux-gnu
ac_cv_host_alias=i686-pc-linux-gnu
ac_cv_lib_dl_main=yes
ac_cv_objext=o
ac_cv_path_install='/usr/bin/install -c'
ac_cv_prog_AWK=gawk
ac_cv_prog_CPP='gcc -E'
ac_cv_prog_CXXCPP='g++ -E'
ac_cv_prog_ac_ct_AR=ar
ac_cv_prog_ac_ct_CC=gcc
ac_cv_prog_ac_ct_CXX=g++
ac_cv_prog_ac_ct_RANLIB=ranlib
ac_cv_prog_ac_ct_STRIP=strip
ac_cv_prog_cc_g=yes
ac_cv_prog_cc_stdc=
ac_cv_prog_cxx_g=yes
ac_cv_prog_egrep='grep -E'
ac_cv_prog_f77_g=no
ac_cv_prog_make_make_set=yes
ac_cv_type__Bool=yes
ac_cv_type_mode_t=yes
ac_cv_type_off_t=yes
ac_cv_type_pid_t=yes
ac_cv_type_signal=void
ac_cv_type_size_t=yes
ac_cv_type_uid_t=yes
am_cv_CC_dependencies_compiler_type=gcc3
am_cv_CXX_dependencies_compiler_type=gcc3
lt_cv_deplibs_check_method=pass_all
lt_cv_file_magic_cmd='$MAGIC_CMD'
lt_cv_file_magic_test_file='/lib/libc.so.6 /lib/libc-2.11.1.so'
lt_cv_ld_reload_flag=-r
lt_cv_objdir=.libs
lt_cv_path_LD=/usr/bin/ld
lt_cv_path_LDCXX=/usr/bin/ld
lt_cv_path_NM='/usr/bin/nm -B'
lt_cv_path_SED=/bin/sed
lt_cv_prog_compiler_c_o=yes
lt_cv_prog_compiler_c_o_CXX=yes
lt_cv_prog_compiler_rtti_exceptions=no
lt_cv_prog_gnu_ld=yes
lt_cv_prog_gnu_ldcxx=yes
lt_cv_sys_global_symbol_pipe='sed -n -e '\''s/^.*[ 	]\([ABCDGIRSTW][ABCDGIRSTW]*\)[ 	][ 	]*\(\)\([_A-Za-z][_A-Za-z0-9]*\)$/\1 \2\3 \3/p'\'''
lt_cv_sys_global_symbol_to_c_name_address='sed -n -e '\''s/^: \([^ ]*\) $/  {\"\1\", (lt_ptr) 0},/p'\'' -e '\''s/^[BCDEGRST] \([^ ]*\) \([^ ]*\)$/  {"\2", (lt_ptr) \&\2},/p'\'''
lt_cv_sys_global_symbol_to_cdecl='sed -n -e '\''s/^. .* \(.*\)$/extern int \1;/p'\'''
lt_cv_sys_max_cmd_len=32768
lt_lt_cv_prog_compiler_c_o='"yes"'
lt_lt_cv_prog_compiler_c_o_CXX='"yes"'
lt_lt_cv_sys_global_symbol_pipe='"sed -n -e '\''s/^.*[ 	]\\([ABCDGIRSTW][ABCDGIRSTW]*\\)[ 	][ 	]*\\(\\)\\([_A-Za-z][_A-Za-z0-9]*\\)\$/\\1 \\2\\3 \\3/p'\''"'
lt_lt_cv_sys_global_symbol_to_c_name_address='"sed -n -e '\''s/^: \\([^ ]*\\) \$/  {\\\"\\1\\\", (lt_ptr) 0},/p'\'' -e '\''s/^[BCDEGRST] \\([^ ]*\\) \\([^ ]*\\)\$/  {\"\\2\", (lt_ptr) \\&\\2},/p'\''"'
lt_lt_cv_sys_global_symbol_to_cdecl='"sed -n -e '\''s/^. .* \\(.*\\)\$/extern int \\1;/p'\''"'

## ----------------- ##
## Output variables. ##
## ----------------- ##

ACLOCAL='${SHELL} /home/bhushan/Netsec/etrace-0.8.2/missing --run aclocal-1.9'
AMDEPBACKSLASH='\'
AMDEP_FALSE='#'
AMDEP_TRUE=''
AMTAR='${SHELL} /home/bhushan/Netsec/etrace-0.8.2/missing --run tar'
AR='ar'
AUTOCONF='${SHELL} /home/bhushan/Netsec/etrace-0.8.2/missing --run autoconf'
AUTOHEADER='${SHELL} /home/bhushan/Netsec/etrace-0.8.2/missing --run autoheader'
AUTOMAKE='${SHELL} /home/bhushan/Netsec/etrace-0.8.2/missing --run automake-1.9'
AWK='gawk'
CC='gcc'
CCDEPMODE='depmode=gcc3'
CFLAGS='-g -O2'
CPP='gcc -E'
CPPFLAGS=''
CXX='g++'
CXXCPP='g++ -E'
CXXDEPMODE='depmode=gcc3'
CXXFLAGS='-g -O2'
CYGPATH_W='echo'
DEFS='-DHAVE_CONFIG_H'
DEPDIR='.deps'
ECHO='echo'
ECHO_C=''
ECHO_N='-n'
ECHO_T=''
EGREP='grep -E'
EXEEXT=''
F77=''
FFLAGS=''
INSTALL_DATA='${INSTALL} -m 644'
INSTALL_PROGRAM='${INSTALL}'
INSTALL_SCRIPT='${INSTALL}'
INSTALL_STRIP_PROGRAM='${SHELL} $(install_sh) -c -s'
LDFLAGS=''
LIBOBJS=''
LIBS='-ldl '
LIBTOOL='$(SHELL) $(top_builddir)/libtool'
LN_S='ln -s'
LTLIBOBJS=''
MAKEINFO='${SHELL} /home/bhushan/Netsec/etrace-0.8.2/missing --run makeinfo'
OBJEXT='o'
PACKAGE='etrace'
PACKAGE_BUGREPORT='zliang@cs.stonybrook.edu'
PACKAGE_NAME='etrace'
PACKAGE_STRING='etrace 0.8.2'
PACKAGE_TARNAME='etrace'
PACKAGE_VERSION='0.8.2'
PATH_SEPARATOR=':'
RANLIB='ranlib'
SET_MAKE=''
SHELL='/bin/bash'
STRIP='strip'
VERSION='0.8.2'
ac_ct_AR='ar'
ac_ct_CC='gcc'
ac_ct_CXX='g++'
ac_ct_F77=''
ac_ct_RANLIB='ranlib'
ac_ct_STRIP='strip'
am__fastdepCC_FALSE='#'
am__fastdepCC_TRUE=''
am__fastdepCXX_FALSE='#'
am__fastdepCXX_TRUE=''
am__include='include'
am__leading_dot='.'
am__quote=''
am__tar='${AMTAR} chof - "$$tardir"'
am__untar='${AMTAR} xf -'
bindir='${exec_prefix}/bin'
build='i686-pc-linux-gnu'
build_alias=''
build_cpu='i686'
build_os='linux-gnu'
build_vendor='pc'
datadir='${prefix}/share'
exec_prefix='${prefix}'
host='i686-pc-linux-gnu'
host_alias=''
host_cpu='i686'
host_os='linux-gnu'
host_vendor='pc'
includedir='${prefix}/include'
infodir='${prefix}/info'
install_sh='/home/bhushan/Netsec/etrace-0.8.2/install-sh'
libdir='${exec_prefix}/lib'
libexecdir='${exec_prefix}/libexec'
localstatedir='${prefix}/var'
mandir='${prefix}/man'
mkdir_p='mkdir -p --'
oldincludedir='/usr/include'
prefix='/usr/local'
program_transform_name='s,x,x,'
sbindir='${exec_prefix}/sbin'
sharedstatedir='${prefix}/com'
sysconfdir='${prefix}/etc'
target_alias=''

## ----------- ##
## confdefs.h. ##
## ----------- ##

#define HAVE_ARPA_INET_H 1
#define HAVE_DLFCN_H 1
#define HAVE_FCNTL_H 1
#define HAVE_FORK 1
#define HAVE_GETCWD 1
#define HAVE_INET_NTOA 1
#define HAVE_INTTYPES_H 1
#define HAVE_LIBDL 1
#define HAVE_LIMITS_H 1
#define HAVE_MALLOC_H 1
#define HAVE_MEMORY_H 1
#define HAVE_NETINET_IN_H 1
#define HAVE_REALLOC 1
#define HAVE_REALPATH 1
#define HAVE_STDBOOL_H 1
#define HAVE_STDINT_H 1
#define HAVE_STDLIB_H 1
#define HAVE_STDLIB_H 1
#define HAVE_STDLIB_H 1
#define HAVE_STRCHR 1
#define HAVE_STRERROR 1
#define HAVE_STRINGS_H 1
#define HAVE_STRING_H 1
#define HAVE_STRING_H 1
#define HAVE_SYS_FILE_H 1
#define HAVE_SYS_SOCKET_H 1
#define HAVE_SYS_STAT_H 1
#define HAVE_SYS_TIME_H 1
#define HAVE_SYS_TYPES_H 1
#define HAVE_SYS_VFS_H 1
#define HAVE_SYS_WAIT_H 1
#define HAVE_UNISTD_H 1
#define HAVE_UNISTD_H 1
#define HAVE_UNISTD_H 1
#define HAVE_UTIME_H 1
#define HAVE_VFORK 1
#define HAVE_WORKING_FORK 1
#define HAVE_WORKING_VFORK 1
#define HAVE__BOOL 1
#define PACKAGE "etrace"
#define PACKAGE_BUGREPORT "zliang@cs.stonybrook.edu"
#define PACKAGE_NAME "etrace"
#define PACKAGE_STRING "etrace 0.8.2"
#define PACKAGE_TARNAME "etrace"
#define PACKAGE_VERSION "0.8.2"
#define RETSIGTYPE void
#define STDC_HEADERS 1
#define STDC_HEADERS 1
#define TIME_WITH_SYS_TIME 1
#define VERSION "0.8.2"
#endif
#ifdef __cplusplus
extern "C" void exit (int) throw ();

configure: exit 0
